Using pre-set license
Built from '2021.3/staging' branch; Version is '2021.3.9f1 (ad3870b89536) revision 11352176'; Using compiler version '192829333'; Build Type 'Release'
OS: 'Windows 11  (10.0.22000) 64bit CoreSingleLanguage' Language: 'es' Physical Memory: 6082 MB
BatchMode: 1, IsHumanControllingUs: 0, StartBugReporterOnCrash: 0, Is64bit: 1, IsPro: 1

COMMAND LINE ARGUMENTS:
C:\Program Files\Unity\Hub\Editor\2021.3.9f1\Editor\Unity.exe
-adb2
-batchMode
-noUpm
-name
AssetImportWorker8
-projectPath
C:/Users/camil/Downloads/GreenForest/ProyectoJuegos-GreenForest/ProyectoGreenForest
-logFile
Logs/AssetImportWorker8.log
-srvPort
49819
Successfully changed project path to: C:/Users/camil/Downloads/GreenForest/ProyectoJuegos-GreenForest/ProyectoGreenForest
C:/Users/camil/Downloads/GreenForest/ProyectoJuegos-GreenForest/ProyectoGreenForest
[UnityMemory] Configuration Parameters - Can be set up in boot.config
    "memorysetup-bucket-allocator-granularity=16"
    "memorysetup-bucket-allocator-bucket-count=8"
    "memorysetup-bucket-allocator-block-size=33554432"
    "memorysetup-bucket-allocator-block-count=8"
    "memorysetup-main-allocator-block-size=16777216"
    "memorysetup-thread-allocator-block-size=16777216"
    "memorysetup-gfx-main-allocator-block-size=16777216"
    "memorysetup-gfx-thread-allocator-block-size=16777216"
    "memorysetup-cache-allocator-block-size=4194304"
    "memorysetup-typetree-allocator-block-size=2097152"
    "memorysetup-profiler-bucket-allocator-granularity=16"
    "memorysetup-profiler-bucket-allocator-bucket-count=8"
    "memorysetup-profiler-bucket-allocator-block-size=33554432"
    "memorysetup-profiler-bucket-allocator-block-count=8"
    "memorysetup-profiler-allocator-block-size=16777216"
    "memorysetup-profiler-editor-allocator-block-size=1048576"
    "memorysetup-temp-allocator-size-main=16777216"
    "memorysetup-job-temp-allocator-block-size=2097152"
    "memorysetup-job-temp-allocator-block-size-background=1048576"
    "memorysetup-job-temp-allocator-reduction-small-platforms=262144"
    "memorysetup-temp-allocator-size-background-worker=32768"
    "memorysetup-temp-allocator-size-job-worker=262144"
    "memorysetup-temp-allocator-size-preload-manager=33554432"
    "memorysetup-temp-allocator-size-nav-mesh-worker=65536"
    "memorysetup-temp-allocator-size-audio-worker=65536"
    "memorysetup-temp-allocator-size-cloud-worker=32768"
    "memorysetup-temp-allocator-size-gi-baking-worker=262144"
    "memorysetup-temp-allocator-size-gfx=262144"
Refreshing native plugins compatible for Editor in 337.04 ms, found 4 plugins.
Preloading 0 native plugins for Editor in 0.00 ms.
Initialize engine version: 2021.3.9f1 (ad3870b89536)
[Subsystems] Discovering subsystems at path C:/Program Files/Unity/Hub/Editor/2021.3.9f1/Editor/Data/Resources/UnitySubsystems
[Subsystems] Discovering subsystems at path C:/Users/camil/Downloads/GreenForest/ProyectoJuegos-GreenForest/ProyectoGreenForest/Assets
GfxDevice: creating device client; threaded=0; jobified=0
Direct3D:
    Version:  Direct3D 11.0 [level 11.1]
    Renderer: AMD Radeon(TM) Vega 3 Graphics (ID=0x15d8)
    Vendor:   ATI
    VRAM:     3041 MB
    Driver:   27.20.11036.3
Initialize mono
Mono path[0] = 'C:/Program Files/Unity/Hub/Editor/2021.3.9f1/Editor/Data/Managed'
Mono path[1] = 'C:/Program Files/Unity/Hub/Editor/2021.3.9f1/Editor/Data/MonoBleedingEdge/lib/mono/unityjit-win32'
Mono config path = 'C:/Program Files/Unity/Hub/Editor/2021.3.9f1/Editor/Data/MonoBleedingEdge/etc'
Using monoOptions --debugger-agent=transport=dt_socket,embedding=1,server=y,suspend=n,address=127.0.0.1:56764
Begin MonoManager ReloadAssembly
Registering precompiled unity dll's ...
Register platform support module: C:/Program Files/Unity/Hub/Editor/2021.3.9f1/Editor/Data/PlaybackEngines/WebGLSupport/UnityEditor.WebGL.Extensions.dll
Register platform support module: C:/Program Files/Unity/Hub/Editor/2021.3.9f1/Editor/Data/PlaybackEngines/WindowsStandaloneSupport/UnityEditor.WindowsStandalone.Extensions.dll
Registered in 0.014819 seconds.
Native extension for WindowsStandalone target not found
Native extension for WebGL target not found
Refreshing native plugins compatible for Editor in 279.29 ms, found 4 plugins.
Preloading 0 native plugins for Editor in 0.00 ms.
Mono: successfully reloaded assembly
- Completed reload, in  1.809 seconds
Domain Reload Profiling:
	ReloadAssembly (1810ms)
		BeginReloadAssembly (260ms)
			ExecutionOrderSort (0ms)
			DisableScriptedObjects (0ms)
			BackupInstance (0ms)
			ReleaseScriptingObjects (0ms)
			CreateAndSetChildDomain (2ms)
		EndReloadAssembly (1276ms)
			LoadAssemblies (251ms)
			RebuildTransferFunctionScriptingTraits (0ms)
			SetupTypeCache (322ms)
			ReleaseScriptCaches (0ms)
			RebuildScriptCaches (62ms)
			SetupLoadedEditorAssemblies (741ms)
				LogAssemblyErrors (0ms)
				InitializePlatformSupportModulesInManaged (19ms)
				SetLoadedEditorAssemblies (0ms)
				RefreshPlugins (279ms)
				BeforeProcessingInitializeOnLoad (3ms)
				ProcessInitializeOnLoadAttributes (331ms)
				ProcessInitializeOnLoadMethodAttributes (107ms)
				AfterProcessingInitializeOnLoad (0ms)
				EditorAssembliesLoaded (0ms)
			ExecutionOrderSort2 (0ms)
			AwakeInstancesAfterBackupRestoration (0ms)
Platform modules already initialized, skipping
Registering precompiled user dll's ...
Registered in 0.031130 seconds.
Begin MonoManager ReloadAssembly
Symbol file LoadedFromMemory doesn't match image C:\Users\camil\Downloads\GreenForest\ProyectoJuegos-GreenForest\ProyectoGreenForest\Library\PackageCache\com.unity.visualscripting@1.7.8\Editor\VisualScripting.Core\Dependencies\YamlDotNet\Unity.VisualScripting.YamlDotNet.dll
Symbol file LoadedFromMemory doesn't match image C:\Users\camil\Downloads\GreenForest\ProyectoJuegos-GreenForest\ProyectoGreenForest\Library\PackageCache\com.unity.visualscripting@1.7.8\Editor\VisualScripting.Core\Dependencies\DotNetZip\Unity.VisualScripting.IonicZip.dll
Native extension for WindowsStandalone target not found
Native extension for WebGL target not found
Refreshing native plugins compatible for Editor in 277.38 ms, found 4 plugins.
Preloading 0 native plugins for Editor in 0.00 ms.
Mono: successfully reloaded assembly
- Completed reload, in  5.874 seconds
Domain Reload Profiling:
	ReloadAssembly (5876ms)
		BeginReloadAssembly (275ms)
			ExecutionOrderSort (0ms)
			DisableScriptedObjects (13ms)
			BackupInstance (0ms)
			ReleaseScriptingObjects (0ms)
			CreateAndSetChildDomain (47ms)
		EndReloadAssembly (4486ms)
			LoadAssemblies (1912ms)
			RebuildTransferFunctionScriptingTraits (0ms)
			SetupTypeCache (715ms)
			ReleaseScriptCaches (3ms)
			RebuildScriptCaches (170ms)
			SetupLoadedEditorAssemblies (1547ms)
				LogAssemblyErrors (0ms)
				InitializePlatformSupportModulesInManaged (13ms)
				SetLoadedEditorAssemblies (0ms)
				RefreshPlugins (278ms)
				BeforeProcessingInitializeOnLoad (275ms)
				ProcessInitializeOnLoadAttributes (714ms)
				ProcessInitializeOnLoadMethodAttributes (236ms)
				AfterProcessingInitializeOnLoad (29ms)
				EditorAssembliesLoaded (1ms)
			ExecutionOrderSort2 (0ms)
			AwakeInstancesAfterBackupRestoration (13ms)
Platform modules already initialized, skipping
========================================================================
Worker process is ready to serve import requests
Launched and connected shader compiler UnityShaderCompiler.exe after 0.77 seconds
Refreshing native plugins compatible for Editor in 3.51 ms, found 4 plugins.
Preloading 0 native plugins for Editor in 0.00 ms.
Unloading 5732 Unused Serialized files (Serialized files now loaded: 0)
Unloading 67 unused Assets / (1.3 MB). Loaded Objects now: 6172.
Memory consumption went from 225.1 MB to 223.8 MB.
Total: 12.025000 ms (FindLiveObjects: 1.857400 ms CreateObjectMapping: 1.187000 ms MarkObjects: 7.523500 ms  DeleteObjects: 1.453400 ms)

AssetImportParameters requested are different than current active one (requested -> active):
  custom:video-decoder-ogg-theora: a1e56fd34408186e4bbccfd4996cb3dc -> 
  custom:container-muxer-webm: aa71ff27fc2769a1b78a27578f13a17b -> 
  custom:container-demuxer-webm: 4f35f7cbe854078d1ac9338744f61a02 -> 
  custom:video-encoder-webm-vp8: eb34c28f22e8b96e1ab97ce403110664 -> 
  custom:video-codec-MediaFoundation-h265: 746d11721c4dcdbdad8f713fa42b33f4 -> 
  custom:audio-encoder-webm-vorbis: bf7c407c2cedff20999df2af8eb42d56 -> 
  custom:framework-win-MediaFoundation: 216162199b28c13a410421893ffa2e32 -> 
  custom:container-demuxer-ogg: 62fdf1f143b41e24485cea50d1cbac27 -> 
  custom:video-decoder-webm-vp8: 9c59270c3fd7afecdb556c50c9e8de78 -> 
  custom:audio-decoder-ogg-vorbis: bf7c407c2cedff20999df2af8eb42d56 -> 
========================================================================
Received Import Request.
  Time since last request: 73633.297019 seconds.
  path: Assets/Sprites/Enemies/Vampire/vampireSheet.png
  artifactKey: Guid(f75214511ace62b448e92cb9aebce633) Importer(815301076,1909f56bfc062723c751e8b465ee728b)
Start importing Assets/Sprites/Enemies/Vampire/vampireSheet.png using Guid(f75214511ace62b448e92cb9aebce633) Importer(815301076,1909f56bfc062723c751e8b465ee728b)  -> (artifact id: '42136d879a32cb1db75148897b2f3460') in 1.350762 seconds 
========================================================================
Received Import Request.
  Time since last request: 0.000077 seconds.
  path: Assets/Sprites/Enemies/Vampire
  artifactKey: Guid(5b370b28dde66be479450e730cda30ae) Importer(815301076,1909f56bfc062723c751e8b465ee728b)
Start importing Assets/Sprites/Enemies/Vampire using Guid(5b370b28dde66be479450e730cda30ae) Importer(815301076,1909f56bfc062723c751e8b465ee728b)  -> (artifact id: '257ef43fd9380b50f83c5a5b91f8a2d6') in 0.023876 seconds 
========================================================================
Received Import Request.
  Time since last request: 0.000092 seconds.
  path: Assets/Sprites/Enemies/Bat/32x32-bat-sprite.png
  artifactKey: Guid(7303e808eeb349141bc7847679f5975d) Importer(815301076,1909f56bfc062723c751e8b465ee728b)
Start importing Assets/Sprites/Enemies/Bat/32x32-bat-sprite.png using Guid(7303e808eeb349141bc7847679f5975d) Importer(815301076,1909f56bfc062723c751e8b465ee728b)  -> (artifact id: 'b585ff3f46eb14a92e4c4200b9aa09ed') in 0.362469 seconds 
========================================================================
Received Import Request.
  Time since last request: 75.395560 seconds.
  path: Assets/Sprites/Enemies/Bat/32x32-bat-sprite.png
  artifactKey: Guid(7303e808eeb349141bc7847679f5975d) Importer(815301076,1909f56bfc062723c751e8b465ee728b)
Start importing Assets/Sprites/Enemies/Bat/32x32-bat-sprite.png using Guid(7303e808eeb349141bc7847679f5975d) Importer(815301076,1909f56bfc062723c751e8b465ee728b)  -> (artifact id: '6dfaedff643be514ce3120fa75aec0fa') in 0.056827 seconds 
========================================================================
Received Import Request.
  Time since last request: 73.980960 seconds.
  path: Assets/Sprites/Enemies/Bat
  artifactKey: Guid(0adbdf8938ff53640a422fef38c147b2) Importer(815301076,1909f56bfc062723c751e8b465ee728b)
Start importing Assets/Sprites/Enemies/Bat using Guid(0adbdf8938ff53640a422fef38c147b2) Importer(815301076,1909f56bfc062723c751e8b465ee728b)  -> (artifact id: '318842884f5714c70d18375f4a72e55b') in 0.025252 seconds 
========================================================================
Received Import Request.
  Time since last request: 75.168837 seconds.
  path: Assets/Sprites/Enemies/Bat/32x32-bat-sprite.png
  artifactKey: Guid(7303e808eeb349141bc7847679f5975d) Importer(815301076,1909f56bfc062723c751e8b465ee728b)
Start importing Assets/Sprites/Enemies/Bat/32x32-bat-sprite.png using Guid(7303e808eeb349141bc7847679f5975d) Importer(815301076,1909f56bfc062723c751e8b465ee728b)  -> (artifact id: 'da261115980cb386327ff29f466ef406') in 0.052171 seconds 
========================================================================
Received Import Request.
  Time since last request: 352.487367 seconds.
  path: Assets/Sprites/Enemies/Bat/bat.png
  artifactKey: Guid(61f87432e70e9ae48bb6a4d87e370899) Importer(815301076,1909f56bfc062723c751e8b465ee728b)
Start importing Assets/Sprites/Enemies/Bat/bat.png using Guid(61f87432e70e9ae48bb6a4d87e370899) Importer(815301076,1909f56bfc062723c751e8b465ee728b)  -> (artifact id: '781d822198f0b38922b7f8403ffc3982') in 0.054628 seconds 
========================================================================
Received Import Request.
  Time since last request: 165.969328 seconds.
  path: Assets/UniversalRenderPipelineGlobalSettings.asset
  artifactKey: Guid(dba1e6fe9eeb58a4987a38d7bb62c29a) Importer(815301076,1909f56bfc062723c751e8b465ee728b)
Start importing Assets/UniversalRenderPipelineGlobalSettings.asset using Guid(dba1e6fe9eeb58a4987a38d7bb62c29a) Importer(815301076,1909f56bfc062723c751e8b465ee728b)  -> (artifact id: 'b466a28604ec9e0a5daaaa47a95b024d') in 0.052107 seconds 
========================================================================
Received Import Request.
  Time since last request: 0.162826 seconds.
  path: Assets/32x32-bat-sprite.png
  artifactKey: Guid(61958282663da8d4b92b702fcc08d839) Importer(815301076,1909f56bfc062723c751e8b465ee728b)
Start importing Assets/32x32-bat-sprite.png using Guid(61958282663da8d4b92b702fcc08d839) Importer(815301076,1909f56bfc062723c751e8b465ee728b)  -> (artifact id: 'b2456bcea9564261c999abb43f0096aa') in 0.034661 seconds 
========================================================================
Received Import Request.
  Time since last request: 47.125130 seconds.
  path: Assets/32x32-bat-sprite.png
  artifactKey: Guid(61958282663da8d4b92b702fcc08d839) Importer(815301076,1909f56bfc062723c751e8b465ee728b)
Start importing Assets/32x32-bat-sprite.png using Guid(61958282663da8d4b92b702fcc08d839) Importer(815301076,1909f56bfc062723c751e8b465ee728b)  -> (artifact id: '8c85a6f58947205e89cfc0786cf7a953') in 0.067404 seconds 
========================================================================
Received Import Request.
  Time since last request: 19.533867 seconds.
  path: Assets/32x32-bat-sprite.png
  artifactKey: Guid(61958282663da8d4b92b702fcc08d839) Importer(815301076,1909f56bfc062723c751e8b465ee728b)
Start importing Assets/32x32-bat-sprite.png using Guid(61958282663da8d4b92b702fcc08d839) Importer(815301076,1909f56bfc062723c751e8b465ee728b)  -> (artifact id: '099dccf1f156d65e2b0520f3172c6028') in 0.044386 seconds 
========================================================================
Received Import Request.
  Time since last request: 84.528578 seconds.
  path: Assets/Sprites/Enemies/32x32-bat-sprite.png
  artifactKey: Guid(4e49f085de1ef534e9ac50b9396301d3) Importer(815301076,1909f56bfc062723c751e8b465ee728b)
Start importing Assets/Sprites/Enemies/32x32-bat-sprite.png using Guid(4e49f085de1ef534e9ac50b9396301d3) Importer(815301076,1909f56bfc062723c751e8b465ee728b)  -> (artifact id: 'ce78c4258c3ef399c27bafd2a41ca62d') in 0.042446 seconds 
========================================================================
Received Import Request.
  Time since last request: 17.168302 seconds.
  path: Assets/Sprites/Enemies/Bat/32x32-bat-sprite.png
  artifactKey: Guid(4e49f085de1ef534e9ac50b9396301d3) Importer(815301076,1909f56bfc062723c751e8b465ee728b)
Start importing Assets/Sprites/Enemies/Bat/32x32-bat-sprite.png using Guid(4e49f085de1ef534e9ac50b9396301d3) Importer(815301076,1909f56bfc062723c751e8b465ee728b)  -> (artifact id: '9fdd737fdb58674024158dacd8beaebb') in 0.027953 seconds 
========================================================================
Received Import Request.
  Time since last request: 19.423261 seconds.
  path: Assets/Sprites/Enemies/Bat/32x32-bat-sprite.png
  artifactKey: Guid(4e49f085de1ef534e9ac50b9396301d3) Importer(815301076,1909f56bfc062723c751e8b465ee728b)
Start importing Assets/Sprites/Enemies/Bat/32x32-bat-sprite.png using Guid(4e49f085de1ef534e9ac50b9396301d3) Importer(815301076,1909f56bfc062723c751e8b465ee728b)  -> (artifact id: '30e2d31a89bf7f3f035e0acd530246c6') in 0.039253 seconds 
========================================================================
Received Import Request.
  Time since last request: 42.245788 seconds.
  path: Assets/Sprites/Enemies/Bat/32x32-bat-sprite.png
  artifactKey: Guid(4e49f085de1ef534e9ac50b9396301d3) Importer(815301076,1909f56bfc062723c751e8b465ee728b)
Start importing Assets/Sprites/Enemies/Bat/32x32-bat-sprite.png using Guid(4e49f085de1ef534e9ac50b9396301d3) Importer(815301076,1909f56bfc062723c751e8b465ee728b)  -> (artifact id: 'a995fecfebe14e5de1251297d5c15076') in 0.065693 seconds 
========================================================================
Received Import Request.
  Time since last request: 12.988827 seconds.
  path: Assets/Sprites/Enemies/Bat/32x32-bat-sprite.png
  artifactKey: Guid(4e49f085de1ef534e9ac50b9396301d3) Importer(815301076,1909f56bfc062723c751e8b465ee728b)
Start importing Assets/Sprites/Enemies/Bat/32x32-bat-sprite.png using Guid(4e49f085de1ef534e9ac50b9396301d3) Importer(815301076,1909f56bfc062723c751e8b465ee728b)  -> (artifact id: '64a95ddfdfb1a5938acbfe39dc64046b') in 0.053890 seconds 
========================================================================
Received Import Request.
  Time since last request: 40.284080 seconds.
  path: Assets/Sprites/Enemies/Bat/32x32-bat-sprite.png
  artifactKey: Guid(4e49f085de1ef534e9ac50b9396301d3) Importer(815301076,1909f56bfc062723c751e8b465ee728b)
Start importing Assets/Sprites/Enemies/Bat/32x32-bat-sprite.png using Guid(4e49f085de1ef534e9ac50b9396301d3) Importer(815301076,1909f56bfc062723c751e8b465ee728b)  -> (artifact id: 'f68c3bb46830f1e4fe49423b0cc5a8d1') in 0.068976 seconds 
========================================================================
Received Import Request.
  Time since last request: 18.037031 seconds.
  path: Assets/Sprites/Enemies/Bat/32x32-bat-sprite.png
  artifactKey: Guid(4e49f085de1ef534e9ac50b9396301d3) Importer(815301076,1909f56bfc062723c751e8b465ee728b)
Start importing Assets/Sprites/Enemies/Bat/32x32-bat-sprite.png using Guid(4e49f085de1ef534e9ac50b9396301d3) Importer(815301076,1909f56bfc062723c751e8b465ee728b)  -> (artifact id: '6b428ce797af9883718d6676ad9820ba') in 0.070088 seconds 
========================================================================
Received Import Request.
  Time since last request: 19.727482 seconds.
  path: Assets/Sprites/Enemies/Bat/32x32-bat-sprite.png
  artifactKey: Guid(4e49f085de1ef534e9ac50b9396301d3) Importer(815301076,1909f56bfc062723c751e8b465ee728b)
Start importing Assets/Sprites/Enemies/Bat/32x32-bat-sprite.png using Guid(4e49f085de1ef534e9ac50b9396301d3) Importer(815301076,1909f56bfc062723c751e8b465ee728b)  -> (artifact id: '4345d7f261d8941ba30e8f01b537a51d') in 0.096031 seconds 
========================================================================
Received Import Request.
  Time since last request: 15.125267 seconds.
  path: Assets/Sprites/Enemies/Bat/32x32-bat-sprite.png
  artifactKey: Guid(4e49f085de1ef534e9ac50b9396301d3) Importer(815301076,1909f56bfc062723c751e8b465ee728b)
Start importing Assets/Sprites/Enemies/Bat/32x32-bat-sprite.png using Guid(4e49f085de1ef534e9ac50b9396301d3) Importer(815301076,1909f56bfc062723c751e8b465ee728b)  -> (artifact id: '4526fe13071f8708a509d0284f36022b') in 0.075963 seconds 
========================================================================
Received Import Request.
  Time since last request: 43.138617 seconds.
  path: Assets/Animations/Coin
  artifactKey: Guid(be1e972d96d092741b9fb01d70f95cb7) Importer(815301076,1909f56bfc062723c751e8b465ee728b)
Start importing Assets/Animations/Coin using Guid(be1e972d96d092741b9fb01d70f95cb7) Importer(815301076,1909f56bfc062723c751e8b465ee728b)  -> (artifact id: '498c71c4ab89dbe986768c8faa69788d') in 0.029107 seconds 
========================================================================
Received Import Request.
  Time since last request: 0.476806 seconds.
  path: Assets/Animations/Boss
  artifactKey: Guid(04ca718e6f8b6424ca3059b64574d927) Importer(815301076,1909f56bfc062723c751e8b465ee728b)
Start importing Assets/Animations/Boss using Guid(04ca718e6f8b6424ca3059b64574d927) Importer(815301076,1909f56bfc062723c751e8b465ee728b)  -> (artifact id: '59df4a3365ccc925bd939b9fa28c9766') in 0.012108 seconds 
========================================================================
Received Prepare
Registering precompiled user dll's ...
Registered in 0.031701 seconds.
Begin MonoManager ReloadAssembly
Symbol file LoadedFromMemory doesn't match image C:\Users\camil\Downloads\GreenForest\ProyectoJuegos-GreenForest\ProyectoGreenForest\Library\PackageCache\com.unity.visualscripting@1.7.8\Editor\VisualScripting.Core\Dependencies\YamlDotNet\Unity.VisualScripting.YamlDotNet.dll
Symbol file LoadedFromMemory doesn't match image C:\Users\camil\Downloads\GreenForest\ProyectoJuegos-GreenForest\ProyectoGreenForest\Library\PackageCache\com.unity.visualscripting@1.7.8\Editor\VisualScripting.Core\Dependencies\DotNetZip\Unity.VisualScripting.IonicZip.dll
Native extension for WindowsStandalone target not found
Native extension for WebGL target not found
Refreshing native plugins compatible for Editor in 4.39 ms, found 4 plugins.
Preloading 0 native plugins for Editor in 0.00 ms.
Mono: successfully reloaded assembly
- Completed reload, in  4.912 seconds
Domain Reload Profiling:
	ReloadAssembly (4915ms)
		BeginReloadAssembly (527ms)
			ExecutionOrderSort (0ms)
			DisableScriptedObjects (22ms)
			BackupInstance (0ms)
			ReleaseScriptingObjects (1ms)
			CreateAndSetChildDomain (156ms)
		EndReloadAssembly (3951ms)
			LoadAssemblies (477ms)
			RebuildTransferFunctionScriptingTraits (0ms)
			SetupTypeCache (1106ms)
			ReleaseScriptCaches (8ms)
			RebuildScriptCaches (229ms)
			SetupLoadedEditorAssemblies (1858ms)
				LogAssemblyErrors (0ms)
				InitializePlatformSupportModulesInManaged (57ms)
				SetLoadedEditorAssemblies (2ms)
				RefreshPlugins (5ms)
				BeforeProcessingInitializeOnLoad (346ms)
				ProcessInitializeOnLoadAttributes (1048ms)
				ProcessInitializeOnLoadMethodAttributes (353ms)
				AfterProcessingInitializeOnLoad (47ms)
				EditorAssembliesLoaded (1ms)
			ExecutionOrderSort2 (0ms)
			AwakeInstancesAfterBackupRestoration (32ms)
Platform modules already initialized, skipping
Refreshing native plugins compatible for Editor in 11.83 ms, found 4 plugins.
Preloading 0 native plugins for Editor in 0.00 ms.
Unloading 5599 Unused Serialized files (Serialized files now loaded: 0)
Unloading 42 unused Assets / (1.3 MB). Loaded Objects now: 6211.
Memory consumption went from 220.3 MB to 219.0 MB.
Total: 28.446700 ms (FindLiveObjects: 1.034000 ms CreateObjectMapping: 0.405500 ms MarkObjects: 25.480700 ms  DeleteObjects: 1.523300 ms)

AssetImportParameters requested are different than current active one (requested -> active):
  custom:video-decoder-ogg-theora: a1e56fd34408186e4bbccfd4996cb3dc -> 
  custom:container-muxer-webm: aa71ff27fc2769a1b78a27578f13a17b -> 
  custom:container-demuxer-webm: 4f35f7cbe854078d1ac9338744f61a02 -> 
  custom:video-encoder-webm-vp8: eb34c28f22e8b96e1ab97ce403110664 -> 
  custom:video-codec-MediaFoundation-h265: 746d11721c4dcdbdad8f713fa42b33f4 -> 
  custom:audio-encoder-webm-vorbis: bf7c407c2cedff20999df2af8eb42d56 -> 
  custom:framework-win-MediaFoundation: 216162199b28c13a410421893ffa2e32 -> 
  custom:container-demuxer-ogg: 62fdf1f143b41e24485cea50d1cbac27 -> 
  custom:video-decoder-webm-vp8: 9c59270c3fd7afecdb556c50c9e8de78 -> 
  custom:audio-decoder-ogg-vorbis: bf7c407c2cedff20999df2af8eb42d56 -> 
========================================================================
Received Prepare
Registering precompiled user dll's ...
Registered in 0.038795 seconds.
Begin MonoManager ReloadAssembly
Symbol file LoadedFromMemory doesn't match image C:\Users\camil\Downloads\GreenForest\ProyectoJuegos-GreenForest\ProyectoGreenForest\Library\PackageCache\com.unity.visualscripting@1.7.8\Editor\VisualScripting.Core\Dependencies\YamlDotNet\Unity.VisualScripting.YamlDotNet.dll
Symbol file LoadedFromMemory doesn't match image C:\Users\camil\Downloads\GreenForest\ProyectoJuegos-GreenForest\ProyectoGreenForest\Library\PackageCache\com.unity.visualscripting@1.7.8\Editor\VisualScripting.Core\Dependencies\DotNetZip\Unity.VisualScripting.IonicZip.dll
Native extension for WindowsStandalone target not found
Native extension for WebGL target not found
Refreshing native plugins compatible for Editor in 4.31 ms, found 4 plugins.
Preloading 0 native plugins for Editor in 0.00 ms.
Mono: successfully reloaded assembly
- Completed reload, in  4.701 seconds
Domain Reload Profiling:
	ReloadAssembly (4704ms)
		BeginReloadAssembly (562ms)
			ExecutionOrderSort (0ms)
			DisableScriptedObjects (30ms)
			BackupInstance (0ms)
			ReleaseScriptingObjects (1ms)
			CreateAndSetChildDomain (166ms)
		EndReloadAssembly (3737ms)
			LoadAssemblies (465ms)
			RebuildTransferFunctionScriptingTraits (0ms)
			SetupTypeCache (1037ms)
			ReleaseScriptCaches (8ms)
			RebuildScriptCaches (207ms)
			SetupLoadedEditorAssemblies (1816ms)
				LogAssemblyErrors (0ms)
				InitializePlatformSupportModulesInManaged (49ms)
				SetLoadedEditorAssemblies (6ms)
				RefreshPlugins (5ms)
				BeforeProcessingInitializeOnLoad (348ms)
				ProcessInitializeOnLoadAttributes (1004ms)
				ProcessInitializeOnLoadMethodAttributes (359ms)
				AfterProcessingInitializeOnLoad (44ms)
				EditorAssembliesLoaded (2ms)
			ExecutionOrderSort2 (0ms)
			AwakeInstancesAfterBackupRestoration (36ms)
Platform modules already initialized, skipping
Refreshing native plugins compatible for Editor in 12.69 ms, found 4 plugins.
Preloading 0 native plugins for Editor in 0.00 ms.
Unloading 5599 Unused Serialized files (Serialized files now loaded: 0)
Unloading 42 unused Assets / (1.3 MB). Loaded Objects now: 6226.
Memory consumption went from 220.3 MB to 219.0 MB.
Total: 17.015700 ms (FindLiveObjects: 1.394800 ms CreateObjectMapping: 1.366800 ms MarkObjects: 12.136800 ms  DeleteObjects: 2.112700 ms)

AssetImportParameters requested are different than current active one (requested -> active):
  custom:video-decoder-ogg-theora: a1e56fd34408186e4bbccfd4996cb3dc -> 
  custom:container-muxer-webm: aa71ff27fc2769a1b78a27578f13a17b -> 
  custom:container-demuxer-webm: 4f35f7cbe854078d1ac9338744f61a02 -> 
  custom:video-encoder-webm-vp8: eb34c28f22e8b96e1ab97ce403110664 -> 
  custom:video-codec-MediaFoundation-h265: 746d11721c4dcdbdad8f713fa42b33f4 -> 
  custom:audio-encoder-webm-vorbis: bf7c407c2cedff20999df2af8eb42d56 -> 
  custom:framework-win-MediaFoundation: 216162199b28c13a410421893ffa2e32 -> 
  custom:container-demuxer-ogg: 62fdf1f143b41e24485cea50d1cbac27 -> 
  custom:video-decoder-webm-vp8: 9c59270c3fd7afecdb556c50c9e8de78 -> 
  custom:audio-decoder-ogg-vorbis: bf7c407c2cedff20999df2af8eb42d56 -> 
========================================================================
Received Prepare
Registering precompiled user dll's ...
Registered in 0.038381 seconds.
Begin MonoManager ReloadAssembly
Symbol file LoadedFromMemory doesn't match image C:\Users\camil\Downloads\GreenForest\ProyectoJuegos-GreenForest\ProyectoGreenForest\Library\PackageCache\com.unity.visualscripting@1.7.8\Editor\VisualScripting.Core\Dependencies\YamlDotNet\Unity.VisualScripting.YamlDotNet.dll
Symbol file LoadedFromMemory doesn't match image C:\Users\camil\Downloads\GreenForest\ProyectoJuegos-GreenForest\ProyectoGreenForest\Library\PackageCache\com.unity.visualscripting@1.7.8\Editor\VisualScripting.Core\Dependencies\DotNetZip\Unity.VisualScripting.IonicZip.dll
Native extension for WindowsStandalone target not found
Native extension for WebGL target not found
Refreshing native plugins compatible for Editor in 5.00 ms, found 4 plugins.
Preloading 0 native plugins for Editor in 0.00 ms.
Mono: successfully reloaded assembly
- Completed reload, in  4.881 seconds
Domain Reload Profiling:
	ReloadAssembly (4884ms)
		BeginReloadAssembly (594ms)
			ExecutionOrderSort (0ms)
			DisableScriptedObjects (24ms)
			BackupInstance (0ms)
			ReleaseScriptingObjects (0ms)
			CreateAndSetChildDomain (144ms)
		EndReloadAssembly (3879ms)
			LoadAssemblies (509ms)
			RebuildTransferFunctionScriptingTraits (0ms)
			SetupTypeCache (1080ms)
			ReleaseScriptCaches (11ms)
			RebuildScriptCaches (241ms)
			SetupLoadedEditorAssemblies (1824ms)
				LogAssemblyErrors (0ms)
				InitializePlatformSupportModulesInManaged (62ms)
				SetLoadedEditorAssemblies (2ms)
				RefreshPlugins (5ms)
				BeforeProcessingInitializeOnLoad (373ms)
				ProcessInitializeOnLoadAttributes (980ms)
				ProcessInitializeOnLoadMethodAttributes (347ms)
				AfterProcessingInitializeOnLoad (52ms)
				EditorAssembliesLoaded (1ms)
			ExecutionOrderSort2 (0ms)
			AwakeInstancesAfterBackupRestoration (32ms)
Platform modules already initialized, skipping
Refreshing native plugins compatible for Editor in 10.46 ms, found 4 plugins.
Preloading 0 native plugins for Editor in 0.00 ms.
Unloading 5599 Unused Serialized files (Serialized files now loaded: 0)
Unloading 42 unused Assets / (1.3 MB). Loaded Objects now: 6241.
Memory consumption went from 220.5 MB to 219.2 MB.
Total: 15.560300 ms (FindLiveObjects: 1.322700 ms CreateObjectMapping: 1.598000 ms MarkObjects: 10.560200 ms  DeleteObjects: 2.075900 ms)

AssetImportParameters requested are different than current active one (requested -> active):
  custom:video-decoder-ogg-theora: a1e56fd34408186e4bbccfd4996cb3dc -> 
  custom:container-muxer-webm: aa71ff27fc2769a1b78a27578f13a17b -> 
  custom:container-demuxer-webm: 4f35f7cbe854078d1ac9338744f61a02 -> 
  custom:video-encoder-webm-vp8: eb34c28f22e8b96e1ab97ce403110664 -> 
  custom:video-codec-MediaFoundation-h265: 746d11721c4dcdbdad8f713fa42b33f4 -> 
  custom:audio-encoder-webm-vorbis: bf7c407c2cedff20999df2af8eb42d56 -> 
  custom:framework-win-MediaFoundation: 216162199b28c13a410421893ffa2e32 -> 
  custom:container-demuxer-ogg: 62fdf1f143b41e24485cea50d1cbac27 -> 
  custom:video-decoder-webm-vp8: 9c59270c3fd7afecdb556c50c9e8de78 -> 
  custom:audio-decoder-ogg-vorbis: bf7c407c2cedff20999df2af8eb42d56 -> 
========================================================================
Received Prepare
Registering precompiled user dll's ...
Registered in 0.032831 seconds.
Begin MonoManager ReloadAssembly
Symbol file LoadedFromMemory doesn't match image C:\Users\camil\Downloads\GreenForest\ProyectoJuegos-GreenForest\ProyectoGreenForest\Library\PackageCache\com.unity.visualscripting@1.7.8\Editor\VisualScripting.Core\Dependencies\YamlDotNet\Unity.VisualScripting.YamlDotNet.dll
Symbol file LoadedFromMemory doesn't match image C:\Users\camil\Downloads\GreenForest\ProyectoJuegos-GreenForest\ProyectoGreenForest\Library\PackageCache\com.unity.visualscripting@1.7.8\Editor\VisualScripting.Core\Dependencies\DotNetZip\Unity.VisualScripting.IonicZip.dll
Native extension for WindowsStandalone target not found
Native extension for WebGL target not found
Refreshing native plugins compatible for Editor in 4.22 ms, found 4 plugins.
Preloading 0 native plugins for Editor in 0.00 ms.
Mono: successfully reloaded assembly
- Completed reload, in  4.687 seconds
Domain Reload Profiling:
	ReloadAssembly (4689ms)
		BeginReloadAssembly (653ms)
			ExecutionOrderSort (0ms)
			DisableScriptedObjects (29ms)
			BackupInstance (0ms)
			ReleaseScriptingObjects (1ms)
			CreateAndSetChildDomain (166ms)
		EndReloadAssembly (3628ms)
			LoadAssemblies (473ms)
			RebuildTransferFunctionScriptingTraits (0ms)
			SetupTypeCache (973ms)
			ReleaseScriptCaches (8ms)
			RebuildScriptCaches (225ms)
			SetupLoadedEditorAssemblies (1753ms)
				LogAssemblyErrors (0ms)
				InitializePlatformSupportModulesInManaged (52ms)
				SetLoadedEditorAssemblies (2ms)
				RefreshPlugins (4ms)
				BeforeProcessingInitializeOnLoad (322ms)
				ProcessInitializeOnLoadAttributes (974ms)
				ProcessInitializeOnLoadMethodAttributes (353ms)
				AfterProcessingInitializeOnLoad (44ms)
				EditorAssembliesLoaded (1ms)
			ExecutionOrderSort2 (0ms)
			AwakeInstancesAfterBackupRestoration (38ms)
Platform modules already initialized, skipping
Refreshing native plugins compatible for Editor in 13.95 ms, found 4 plugins.
Preloading 0 native plugins for Editor in 0.00 ms.
Unloading 5599 Unused Serialized files (Serialized files now loaded: 0)
Unloading 42 unused Assets / (1.3 MB). Loaded Objects now: 6256.
Memory consumption went from 220.5 MB to 219.2 MB.
Total: 14.163800 ms (FindLiveObjects: 1.226100 ms CreateObjectMapping: 1.249900 ms MarkObjects: 9.935500 ms  DeleteObjects: 1.748900 ms)

AssetImportParameters requested are different than current active one (requested -> active):
  custom:video-decoder-ogg-theora: a1e56fd34408186e4bbccfd4996cb3dc -> 
  custom:container-muxer-webm: aa71ff27fc2769a1b78a27578f13a17b -> 
  custom:container-demuxer-webm: 4f35f7cbe854078d1ac9338744f61a02 -> 
  custom:video-encoder-webm-vp8: eb34c28f22e8b96e1ab97ce403110664 -> 
  custom:video-codec-MediaFoundation-h265: 746d11721c4dcdbdad8f713fa42b33f4 -> 
  custom:audio-encoder-webm-vorbis: bf7c407c2cedff20999df2af8eb42d56 -> 
  custom:framework-win-MediaFoundation: 216162199b28c13a410421893ffa2e32 -> 
  custom:container-demuxer-ogg: 62fdf1f143b41e24485cea50d1cbac27 -> 
  custom:video-decoder-webm-vp8: 9c59270c3fd7afecdb556c50c9e8de78 -> 
  custom:audio-decoder-ogg-vorbis: bf7c407c2cedff20999df2af8eb42d56 -> 
========================================================================
Received Prepare
Registering precompiled user dll's ...
Registered in 0.036891 seconds.
Begin MonoManager ReloadAssembly
Symbol file LoadedFromMemory doesn't match image C:\Users\camil\Downloads\GreenForest\ProyectoJuegos-GreenForest\ProyectoGreenForest\Library\PackageCache\com.unity.visualscripting@1.7.8\Editor\VisualScripting.Core\Dependencies\YamlDotNet\Unity.VisualScripting.YamlDotNet.dll
Symbol file LoadedFromMemory doesn't match image C:\Users\camil\Downloads\GreenForest\ProyectoJuegos-GreenForest\ProyectoGreenForest\Library\PackageCache\com.unity.visualscripting@1.7.8\Editor\VisualScripting.Core\Dependencies\DotNetZip\Unity.VisualScripting.IonicZip.dll
Native extension for WindowsStandalone target not found
Native extension for WebGL target not found
Refreshing native plugins compatible for Editor in 4.10 ms, found 4 plugins.
Preloading 0 native plugins for Editor in 0.00 ms.
Mono: successfully reloaded assembly
- Completed reload, in  4.799 seconds
Domain Reload Profiling:
	ReloadAssembly (4802ms)
		BeginReloadAssembly (631ms)
			ExecutionOrderSort (0ms)
			DisableScriptedObjects (25ms)
			BackupInstance (0ms)
			ReleaseScriptingObjects (1ms)
			CreateAndSetChildDomain (151ms)
		EndReloadAssembly (3687ms)
			LoadAssemblies (510ms)
			RebuildTransferFunctionScriptingTraits (0ms)
			SetupTypeCache (1024ms)
			ReleaseScriptCaches (9ms)
			RebuildScriptCaches (217ms)
			SetupLoadedEditorAssemblies (1780ms)
				LogAssemblyErrors (0ms)
				InitializePlatformSupportModulesInManaged (61ms)
				SetLoadedEditorAssemblies (4ms)
				RefreshPlugins (4ms)
				BeforeProcessingInitializeOnLoad (339ms)
				ProcessInitializeOnLoadAttributes (1033ms)
				ProcessInitializeOnLoadMethodAttributes (305ms)
				AfterProcessingInitializeOnLoad (34ms)
				EditorAssembliesLoaded (1ms)
			ExecutionOrderSort2 (0ms)
			AwakeInstancesAfterBackupRestoration (22ms)
Platform modules already initialized, skipping
Refreshing native plugins compatible for Editor in 10.79 ms, found 4 plugins.
Preloading 0 native plugins for Editor in 0.00 ms.
Unloading 5599 Unused Serialized files (Serialized files now loaded: 0)
Unloading 42 unused Assets / (1.3 MB). Loaded Objects now: 6271.
Memory consumption went from 220.6 MB to 219.3 MB.
Total: 10.299900 ms (FindLiveObjects: 1.020900 ms CreateObjectMapping: 0.329200 ms MarkObjects: 7.565500 ms  DeleteObjects: 1.380800 ms)

AssetImportParameters requested are different than current active one (requested -> active):
  custom:video-decoder-ogg-theora: a1e56fd34408186e4bbccfd4996cb3dc -> 
  custom:container-muxer-webm: aa71ff27fc2769a1b78a27578f13a17b -> 
  custom:container-demuxer-webm: 4f35f7cbe854078d1ac9338744f61a02 -> 
  custom:video-encoder-webm-vp8: eb34c28f22e8b96e1ab97ce403110664 -> 
  custom:video-codec-MediaFoundation-h265: 746d11721c4dcdbdad8f713fa42b33f4 -> 
  custom:audio-encoder-webm-vorbis: bf7c407c2cedff20999df2af8eb42d56 -> 
  custom:framework-win-MediaFoundation: 216162199b28c13a410421893ffa2e32 -> 
  custom:container-demuxer-ogg: 62fdf1f143b41e24485cea50d1cbac27 -> 
  custom:video-decoder-webm-vp8: 9c59270c3fd7afecdb556c50c9e8de78 -> 
  custom:audio-decoder-ogg-vorbis: bf7c407c2cedff20999df2af8eb42d56 -> 
========================================================================
Received Import Request.
  Time since last request: 1832.346202 seconds.
  path: Assets/Bringer Of Death
  artifactKey: Guid(587c05796f2731848af8851ad16b5b87) Importer(815301076,1909f56bfc062723c751e8b465ee728b)
Start importing Assets/Bringer Of Death using Guid(587c05796f2731848af8851ad16b5b87) Importer(815301076,1909f56bfc062723c751e8b465ee728b)  -> (artifact id: '11f9624ebe5acdfc6db7befe950f75a8') in 0.029353 seconds 
========================================================================
Received Import Request.
  Time since last request: 0.841969 seconds.
  path: Assets/Fonts
  artifactKey: Guid(fe1427bbe9ea4134a8158833a80765c7) Importer(815301076,1909f56bfc062723c751e8b465ee728b)
Start importing Assets/Fonts using Guid(fe1427bbe9ea4134a8158833a80765c7) Importer(815301076,1909f56bfc062723c751e8b465ee728b)  -> (artifact id: '93a10e843e56a39a827a682cab43e662') in 0.014539 seconds 
========================================================================
Received Import Request.
  Time since last request: 44.899555 seconds.
  path: Assets/Scenes/DeepForest.unity
  artifactKey: Guid(98e260218e911ab4c8ddf708922f0bef) Importer(815301076,1909f56bfc062723c751e8b465ee728b)
Start importing Assets/Scenes/DeepForest.unity using Guid(98e260218e911ab4c8ddf708922f0bef) Importer(815301076,1909f56bfc062723c751e8b465ee728b)  -> (artifact id: '673e8505e9ececbffcdf32333b331a70') in 0.013163 seconds 
========================================================================
Received Prepare
Registering precompiled user dll's ...
Registered in 0.020936 seconds.
Begin MonoManager ReloadAssembly
Symbol file LoadedFromMemory doesn't match image C:\Users\camil\Downloads\GreenForest\ProyectoJuegos-GreenForest\ProyectoGreenForest\Library\PackageCache\com.unity.visualscripting@1.7.8\Editor\VisualScripting.Core\Dependencies\YamlDotNet\Unity.VisualScripting.YamlDotNet.dll
Symbol file LoadedFromMemory doesn't match image C:\Users\camil\Downloads\GreenForest\ProyectoJuegos-GreenForest\ProyectoGreenForest\Library\PackageCache\com.unity.visualscripting@1.7.8\Editor\VisualScripting.Core\Dependencies\DotNetZip\Unity.VisualScripting.IonicZip.dll
Native extension for WindowsStandalone target not found
Native extension for WebGL target not found
Refreshing native plugins compatible for Editor in 3.01 ms, found 4 plugins.
Preloading 0 native plugins for Editor in 0.00 ms.
Mono: successfully reloaded assembly
- Completed reload, in  2.745 seconds
Domain Reload Profiling:
	ReloadAssembly (2746ms)
		BeginReloadAssembly (290ms)
			ExecutionOrderSort (0ms)
			DisableScriptedObjects (13ms)
			BackupInstance (0ms)
			ReleaseScriptingObjects (0ms)
			CreateAndSetChildDomain (98ms)
		EndReloadAssembly (2268ms)
			LoadAssemblies (208ms)
			RebuildTransferFunctionScriptingTraits (0ms)
			SetupTypeCache (620ms)
			ReleaseScriptCaches (6ms)
			RebuildScriptCaches (137ms)
			SetupLoadedEditorAssemblies (1125ms)
				LogAssemblyErrors (0ms)
				InitializePlatformSupportModulesInManaged (31ms)
				SetLoadedEditorAssemblies (1ms)
				RefreshPlugins (3ms)
				BeforeProcessingInitializeOnLoad (223ms)
				ProcessInitializeOnLoadAttributes (620ms)
				ProcessInitializeOnLoadMethodAttributes (220ms)
				AfterProcessingInitializeOnLoad (26ms)
				EditorAssembliesLoaded (0ms)
			ExecutionOrderSort2 (0ms)
			AwakeInstancesAfterBackupRestoration (21ms)
Platform modules already initialized, skipping
Refreshing native plugins compatible for Editor in 8.15 ms, found 4 plugins.
Preloading 0 native plugins for Editor in 0.00 ms.
Unloading 5599 Unused Serialized files (Serialized files now loaded: 0)
Unloading 42 unused Assets / (1.3 MB). Loaded Objects now: 6286.
Memory consumption went from 220.3 MB to 219.0 MB.
Total: 9.386300 ms (FindLiveObjects: 0.740300 ms CreateObjectMapping: 0.529900 ms MarkObjects: 6.967700 ms  DeleteObjects: 1.146400 ms)

AssetImportParameters requested are different than current active one (requested -> active):
  custom:video-decoder-ogg-theora: a1e56fd34408186e4bbccfd4996cb3dc -> 
  custom:container-muxer-webm: aa71ff27fc2769a1b78a27578f13a17b -> 
  custom:container-demuxer-webm: 4f35f7cbe854078d1ac9338744f61a02 -> 
  custom:video-encoder-webm-vp8: eb34c28f22e8b96e1ab97ce403110664 -> 
  custom:video-codec-MediaFoundation-h265: 746d11721c4dcdbdad8f713fa42b33f4 -> 
  custom:audio-encoder-webm-vorbis: bf7c407c2cedff20999df2af8eb42d56 -> 
  custom:framework-win-MediaFoundation: 216162199b28c13a410421893ffa2e32 -> 
  custom:container-demuxer-ogg: 62fdf1f143b41e24485cea50d1cbac27 -> 
  custom:video-decoder-webm-vp8: 9c59270c3fd7afecdb556c50c9e8de78 -> 
  custom:audio-decoder-ogg-vorbis: bf7c407c2cedff20999df2af8eb42d56 -> 
========================================================================
Received Prepare
Registering precompiled user dll's ...
Registered in 0.019792 seconds.
Begin MonoManager ReloadAssembly
Symbol file LoadedFromMemory doesn't match image C:\Users\camil\Downloads\GreenForest\ProyectoJuegos-GreenForest\ProyectoGreenForest\Library\PackageCache\com.unity.visualscripting@1.7.8\Editor\VisualScripting.Core\Dependencies\YamlDotNet\Unity.VisualScripting.YamlDotNet.dll
Symbol file LoadedFromMemory doesn't match image C:\Users\camil\Downloads\GreenForest\ProyectoJuegos-GreenForest\ProyectoGreenForest\Library\PackageCache\com.unity.visualscripting@1.7.8\Editor\VisualScripting.Core\Dependencies\DotNetZip\Unity.VisualScripting.IonicZip.dll
Native extension for WindowsStandalone target not found
Native extension for WebGL target not found
Refreshing native plugins compatible for Editor in 3.48 ms, found 4 plugins.
Preloading 0 native plugins for Editor in 0.00 ms.
Mono: successfully reloaded assembly
- Completed reload, in 40.488 seconds
Domain Reload Profiling:
	ReloadAssembly (40489ms)
		BeginReloadAssembly (13274ms)
			ExecutionOrderSort (0ms)
			DisableScriptedObjects (37ms)
			BackupInstance (0ms)
			ReleaseScriptingObjects (0ms)
			CreateAndSetChildDomain (110ms)
		EndReloadAssembly (26240ms)
			LoadAssemblies (30866ms)
			RebuildTransferFunctionScriptingTraits (0ms)
			SetupTypeCache (3148ms)
			ReleaseScriptCaches (5ms)
			RebuildScriptCaches (135ms)
			SetupLoadedEditorAssemblies (4758ms)
				LogAssemblyErrors (0ms)
				InitializePlatformSupportModulesInManaged (33ms)
				SetLoadedEditorAssemblies (1ms)
				RefreshPlugins (4ms)
				BeforeProcessingInitializeOnLoad (239ms)
				ProcessInitializeOnLoadAttributes (690ms)
				ProcessInitializeOnLoadMethodAttributes (3760ms)
				AfterProcessingInitializeOnLoad (31ms)
				EditorAssembliesLoaded (1ms)
			ExecutionOrderSort2 (0ms)
			AwakeInstancesAfterBackupRestoration (23ms)
Platform modules already initialized, skipping
Refreshing native plugins compatible for Editor in 396.91 ms, found 4 plugins.
Preloading 0 native plugins for Editor in 0.00 ms.
Unloading 5599 Unused Serialized files (Serialized files now loaded: 0)
Unloading 42 unused Assets / (1.3 MB). Loaded Objects now: 6301.
Memory consumption went from 220.5 MB to 219.2 MB.
Total: 7.673100 ms (FindLiveObjects: 0.642000 ms CreateObjectMapping: 0.257900 ms MarkObjects: 5.932300 ms  DeleteObjects: 0.839000 ms)

AssetImportParameters requested are different than current active one (requested -> active):
  custom:video-decoder-ogg-theora: a1e56fd34408186e4bbccfd4996cb3dc -> 
  custom:container-muxer-webm: aa71ff27fc2769a1b78a27578f13a17b -> 
  custom:container-demuxer-webm: 4f35f7cbe854078d1ac9338744f61a02 -> 
  custom:video-encoder-webm-vp8: eb34c28f22e8b96e1ab97ce403110664 -> 
  custom:video-codec-MediaFoundation-h265: 746d11721c4dcdbdad8f713fa42b33f4 -> 
  custom:audio-encoder-webm-vorbis: bf7c407c2cedff20999df2af8eb42d56 -> 
  custom:framework-win-MediaFoundation: 216162199b28c13a410421893ffa2e32 -> 
  custom:container-demuxer-ogg: 62fdf1f143b41e24485cea50d1cbac27 -> 
  custom:video-decoder-webm-vp8: 9c59270c3fd7afecdb556c50c9e8de78 -> 
  custom:audio-decoder-ogg-vorbis: bf7c407c2cedff20999df2af8eb42d56 -> 
========================================================================
Received Prepare
Registering precompiled user dll's ...
Registered in 0.028858 seconds.
Begin MonoManager ReloadAssembly
Symbol file LoadedFromMemory doesn't match image C:\Users\camil\Downloads\GreenForest\ProyectoJuegos-GreenForest\ProyectoGreenForest\Library\PackageCache\com.unity.visualscripting@1.7.8\Editor\VisualScripting.Core\Dependencies\YamlDotNet\Unity.VisualScripting.YamlDotNet.dll
Symbol file LoadedFromMemory doesn't match image C:\Users\camil\Downloads\GreenForest\ProyectoJuegos-GreenForest\ProyectoGreenForest\Library\PackageCache\com.unity.visualscripting@1.7.8\Editor\VisualScripting.Core\Dependencies\DotNetZip\Unity.VisualScripting.IonicZip.dll
Native extension for WindowsStandalone target not found
Native extension for WebGL target not found
Refreshing native plugins compatible for Editor in 2.31 ms, found 4 plugins.
Preloading 0 native plugins for Editor in 0.00 ms.
Mono: successfully reloaded assembly
- Completed reload, in  3.020 seconds
Domain Reload Profiling:
	ReloadAssembly (3022ms)
		BeginReloadAssembly (340ms)
			ExecutionOrderSort (0ms)
			DisableScriptedObjects (18ms)
			BackupInstance (0ms)
			ReleaseScriptingObjects (0ms)
			CreateAndSetChildDomain (92ms)
		EndReloadAssembly (2369ms)
			LoadAssemblies (285ms)
			RebuildTransferFunctionScriptingTraits (0ms)
			SetupTypeCache (655ms)
			ReleaseScriptCaches (5ms)
			RebuildScriptCaches (131ms)
			SetupLoadedEditorAssemblies (1165ms)
				LogAssemblyErrors (0ms)
				InitializePlatformSupportModulesInManaged (30ms)
				SetLoadedEditorAssemblies (1ms)
				RefreshPlugins (2ms)
				BeforeProcessingInitializeOnLoad (235ms)
				ProcessInitializeOnLoadAttributes (650ms)
				ProcessInitializeOnLoadMethodAttributes (216ms)
				AfterProcessingInitializeOnLoad (29ms)
				EditorAssembliesLoaded (1ms)
			ExecutionOrderSort2 (0ms)
			AwakeInstancesAfterBackupRestoration (24ms)
Platform modules already initialized, skipping
Refreshing native plugins compatible for Editor in 9.83 ms, found 4 plugins.
Preloading 0 native plugins for Editor in 0.00 ms.
Unloading 5599 Unused Serialized files (Serialized files now loaded: 0)
Unloading 42 unused Assets / (1.3 MB). Loaded Objects now: 6316.
Memory consumption went from 220.5 MB to 219.2 MB.
Total: 11.640400 ms (FindLiveObjects: 0.920900 ms CreateObjectMapping: 1.181900 ms MarkObjects: 7.852100 ms  DeleteObjects: 1.683100 ms)

AssetImportParameters requested are different than current active one (requested -> active):
  custom:video-decoder-ogg-theora: a1e56fd34408186e4bbccfd4996cb3dc -> 
  custom:container-muxer-webm: aa71ff27fc2769a1b78a27578f13a17b -> 
  custom:container-demuxer-webm: 4f35f7cbe854078d1ac9338744f61a02 -> 
  custom:video-encoder-webm-vp8: eb34c28f22e8b96e1ab97ce403110664 -> 
  custom:video-codec-MediaFoundation-h265: 746d11721c4dcdbdad8f713fa42b33f4 -> 
  custom:audio-encoder-webm-vorbis: bf7c407c2cedff20999df2af8eb42d56 -> 
  custom:framework-win-MediaFoundation: 216162199b28c13a410421893ffa2e32 -> 
  custom:container-demuxer-ogg: 62fdf1f143b41e24485cea50d1cbac27 -> 
  custom:video-decoder-webm-vp8: 9c59270c3fd7afecdb556c50c9e8de78 -> 
  custom:audio-decoder-ogg-vorbis: bf7c407c2cedff20999df2af8eb42d56 -> 
========================================================================
Received Import Request.
  Time since last request: 673.768043 seconds.
  path: Assets/Scripts/EnemyConbat/FlyingEnemyController.cs
  artifactKey: Guid(8b7574814b2246245a9ae86153c918df) Importer(815301076,1909f56bfc062723c751e8b465ee728b)
Start importing Assets/Scripts/EnemyConbat/FlyingEnemyController.cs using Guid(8b7574814b2246245a9ae86153c918df) Importer(815301076,1909f56bfc062723c751e8b465ee728b)  -> (artifact id: '672526199c71e18d0722ae2085a5a2cf') in 0.986455 seconds 
