Using pre-set license
Built from '2021.3/staging' branch; Version is '2021.3.9f1 (ad3870b89536) revision 11352176'; Using compiler version '192829333'; Build Type 'Release'
OS: 'Windows 10  (10.0.19044) 64bit Professional' Language: 'es' Physical Memory: 16332 MB
BatchMode: 1, IsHumanControllingUs: 0, StartBugReporterOnCrash: 0, Is64bit: 1, IsPro: 1

COMMAND LINE ARGUMENTS:
C:\Program Files\Unity\Hub\Editor\2021.3.9f1\Editor\Unity.exe
-adb2
-batchMode
-noUpm
-name
AssetImportWorker3
-projectPath
C:/Users/Usuario/Documents/GitHub/ProyectoJuegos-GreenForest/ProyectoGreenForest
-logFile
Logs/AssetImportWorker3.log
-srvPort
54678
Successfully changed project path to: C:/Users/Usuario/Documents/GitHub/ProyectoJuegos-GreenForest/ProyectoGreenForest
C:/Users/Usuario/Documents/GitHub/ProyectoJuegos-GreenForest/ProyectoGreenForest
[UnityMemory] Configuration Parameters - Can be set up in boot.config
    "memorysetup-bucket-allocator-granularity=16"
    "memorysetup-bucket-allocator-bucket-count=8"
    "memorysetup-bucket-allocator-block-size=33554432"
    "memorysetup-bucket-allocator-block-count=8"
    "memorysetup-main-allocator-block-size=16777216"
    "memorysetup-thread-allocator-block-size=16777216"
    "memorysetup-gfx-main-allocator-block-size=16777216"
    "memorysetup-gfx-thread-allocator-block-size=16777216"
    "memorysetup-cache-allocator-block-size=4194304"
    "memorysetup-typetree-allocator-block-size=2097152"
    "memorysetup-profiler-bucket-allocator-granularity=16"
    "memorysetup-profiler-bucket-allocator-bucket-count=8"
    "memorysetup-profiler-bucket-allocator-block-size=33554432"
    "memorysetup-profiler-bucket-allocator-block-count=8"
    "memorysetup-profiler-allocator-block-size=16777216"
    "memorysetup-profiler-editor-allocator-block-size=1048576"
    "memorysetup-temp-allocator-size-main=16777216"
    "memorysetup-job-temp-allocator-block-size=2097152"
    "memorysetup-job-temp-allocator-block-size-background=1048576"
    "memorysetup-job-temp-allocator-reduction-small-platforms=262144"
    "memorysetup-temp-allocator-size-background-worker=32768"
    "memorysetup-temp-allocator-size-job-worker=262144"
    "memorysetup-temp-allocator-size-preload-manager=33554432"
    "memorysetup-temp-allocator-size-nav-mesh-worker=65536"
    "memorysetup-temp-allocator-size-audio-worker=65536"
    "memorysetup-temp-allocator-size-cloud-worker=32768"
    "memorysetup-temp-allocator-size-gi-baking-worker=262144"
    "memorysetup-temp-allocator-size-gfx=262144"
Refreshing native plugins compatible for Editor in 161.60 ms, found 4 plugins.
Preloading 0 native plugins for Editor in 0.00 ms.
Initialize engine version: 2021.3.9f1 (ad3870b89536)
[Subsystems] Discovering subsystems at path C:/Program Files/Unity/Hub/Editor/2021.3.9f1/Editor/Data/Resources/UnitySubsystems
[Subsystems] Discovering subsystems at path C:/Users/Usuario/Documents/GitHub/ProyectoJuegos-GreenForest/ProyectoGreenForest/Assets
GfxDevice: creating device client; threaded=0; jobified=0
Direct3D:
    Version:  Direct3D 11.0 [level 11.1]
    Renderer: NVIDIA GeForce GTX 1060 3GB (ID=0x1c02)
    Vendor:   NVIDIA
    VRAM:     2988 MB
    Driver:   31.0.15.1694
Initialize mono
Mono path[0] = 'C:/Program Files/Unity/Hub/Editor/2021.3.9f1/Editor/Data/Managed'
Mono path[1] = 'C:/Program Files/Unity/Hub/Editor/2021.3.9f1/Editor/Data/MonoBleedingEdge/lib/mono/unityjit-win32'
Mono config path = 'C:/Program Files/Unity/Hub/Editor/2021.3.9f1/Editor/Data/MonoBleedingEdge/etc'
Using monoOptions --debugger-agent=transport=dt_socket,embedding=1,server=y,suspend=n,address=127.0.0.1:56696
Begin MonoManager ReloadAssembly
Registering precompiled unity dll's ...
Register platform support module: C:/Program Files/Unity/Hub/Editor/2021.3.9f1/Editor/Data/PlaybackEngines/WebGLSupport/UnityEditor.WebGL.Extensions.dll
Register platform support module: C:/Program Files/Unity/Hub/Editor/2021.3.9f1/Editor/Data/PlaybackEngines/AndroidPlayer/UnityEditor.Android.Extensions.dll
Register platform support module: C:/Program Files/Unity/Hub/Editor/2021.3.9f1/Editor/Data/PlaybackEngines/WindowsStandaloneSupport/UnityEditor.WindowsStandalone.Extensions.dll
Registered in 0.021712 seconds.
Native extension for WindowsStandalone target not found
Native extension for Android target not found
Native extension for WebGL target not found
Refreshing native plugins compatible for Editor in 166.83 ms, found 4 plugins.
Preloading 0 native plugins for Editor in 0.00 ms.
Mono: successfully reloaded assembly
- Completed reload, in  1.070 seconds
Domain Reload Profiling:
	ReloadAssembly (1071ms)
		BeginReloadAssembly (114ms)
			ExecutionOrderSort (0ms)
			DisableScriptedObjects (0ms)
			BackupInstance (0ms)
			ReleaseScriptingObjects (0ms)
			CreateAndSetChildDomain (1ms)
		EndReloadAssembly (768ms)
			LoadAssemblies (111ms)
			RebuildTransferFunctionScriptingTraits (0ms)
			SetupTypeCache (166ms)
			ReleaseScriptCaches (0ms)
			RebuildScriptCaches (42ms)
			SetupLoadedEditorAssemblies (480ms)
				LogAssemblyErrors (0ms)
				InitializePlatformSupportModulesInManaged (94ms)
				SetLoadedEditorAssemblies (0ms)
				RefreshPlugins (167ms)
				BeforeProcessingInitializeOnLoad (2ms)
				ProcessInitializeOnLoadAttributes (149ms)
				ProcessInitializeOnLoadMethodAttributes (67ms)
				AfterProcessingInitializeOnLoad (0ms)
				EditorAssembliesLoaded (0ms)
			ExecutionOrderSort2 (0ms)
			AwakeInstancesAfterBackupRestoration (0ms)
Platform modules already initialized, skipping
Registering precompiled user dll's ...
Registered in 0.013151 seconds.
Android Extension - Scanning For ADB Devices 5008 ms
Begin MonoManager ReloadAssembly
Symbol file LoadedFromMemory doesn't match image C:\Users\Usuario\Documents\GitHub\ProyectoJuegos-GreenForest\ProyectoGreenForest\Library\PackageCache\com.unity.visualscripting@1.7.8\Editor\VisualScripting.Core\Dependencies\YamlDotNet\Unity.VisualScripting.YamlDotNet.dll
Symbol file LoadedFromMemory doesn't match image C:\Users\Usuario\Documents\GitHub\ProyectoJuegos-GreenForest\ProyectoGreenForest\Library\PackageCache\com.unity.visualscripting@1.7.8\Editor\VisualScripting.Core\Dependencies\DotNetZip\Unity.VisualScripting.IonicZip.dll
Native extension for WindowsStandalone target not found
Native extension for Android target not found
Native extension for WebGL target not found
Refreshing native plugins compatible for Editor in 167.09 ms, found 4 plugins.
Preloading 0 native plugins for Editor in 0.00 ms.
Mono: successfully reloaded assembly
- Completed reload, in  2.570 seconds
Domain Reload Profiling:
	ReloadAssembly (2572ms)
		BeginReloadAssembly (148ms)
			ExecutionOrderSort (0ms)
			DisableScriptedObjects (7ms)
			BackupInstance (0ms)
			ReleaseScriptingObjects (0ms)
			CreateAndSetChildDomain (27ms)
		EndReloadAssembly (2068ms)
			LoadAssemblies (585ms)
			RebuildTransferFunctionScriptingTraits (0ms)
			SetupTypeCache (398ms)
			ReleaseScriptCaches (1ms)
			RebuildScriptCaches (113ms)
			SetupLoadedEditorAssemblies (888ms)
				LogAssemblyErrors (0ms)
				InitializePlatformSupportModulesInManaged (20ms)
				SetLoadedEditorAssemblies (0ms)
				RefreshPlugins (167ms)
				BeforeProcessingInitializeOnLoad (170ms)
				ProcessInitializeOnLoadAttributes (390ms)
				ProcessInitializeOnLoadMethodAttributes (126ms)
				AfterProcessingInitializeOnLoad (14ms)
				EditorAssembliesLoaded (0ms)
			ExecutionOrderSort2 (0ms)
			AwakeInstancesAfterBackupRestoration (6ms)
Platform modules already initialized, skipping
========================================================================
Worker process is ready to serve import requests
Launched and connected shader compiler UnityShaderCompiler.exe after 0.06 seconds
Refreshing native plugins compatible for Editor in 4.53 ms, found 4 plugins.
Preloading 0 native plugins for Editor in 0.00 ms.
Unloading 5732 Unused Serialized files (Serialized files now loaded: 0)
Unloading 114 unused Assets / (5.2 MB). Loaded Objects now: 6126.
Memory consumption went from 222.8 MB to 217.6 MB.
Total: 11.995600 ms (FindLiveObjects: 0.979300 ms CreateObjectMapping: 1.012000 ms MarkObjects: 6.334000 ms  DeleteObjects: 3.668500 ms)

AssetImportParameters requested are different than current active one (requested -> active):
  custom:video-decoder-ogg-theora: a1e56fd34408186e4bbccfd4996cb3dc -> 
  custom:container-muxer-webm: aa71ff27fc2769a1b78a27578f13a17b -> 
  custom:container-demuxer-webm: 4f35f7cbe854078d1ac9338744f61a02 -> 
  custom:video-encoder-webm-vp8: eb34c28f22e8b96e1ab97ce403110664 -> 
  custom:audio-encoder-webm-vorbis: bf7c407c2cedff20999df2af8eb42d56 -> 
  custom:framework-win-MediaFoundation: 216162199b28c13a410421893ffa2e32 -> 
  custom:container-demuxer-ogg: 62fdf1f143b41e24485cea50d1cbac27 -> 
  custom:video-decoder-webm-vp8: 9c59270c3fd7afecdb556c50c9e8de78 -> 
  custom:audio-decoder-ogg-vorbis: bf7c407c2cedff20999df2af8eb42d56 -> 
========================================================================
Received Import Request.
  Time since last request: 6843.630180 seconds.
  path: Assets/Scenes/CentralForest.unity
  artifactKey: Guid(c7f1db2e91505f042999ca0b6d865ec3) Importer(815301076,1909f56bfc062723c751e8b465ee728b)
Start importing Assets/Scenes/CentralForest.unity using Guid(c7f1db2e91505f042999ca0b6d865ec3) Importer(815301076,1909f56bfc062723c751e8b465ee728b)  -> (artifact id: '1a5da2f3bce5e519c1ff7ee996602393') in 0.027872 seconds 
========================================================================
Received Import Request.
  Time since last request: 110.076851 seconds.
  path: Assets/Sprites/Levels/dead_tree-001.png
  artifactKey: Guid(fc808ed2a54351b469787b884de490f3) Importer(815301076,1909f56bfc062723c751e8b465ee728b)
Start importing Assets/Sprites/Levels/dead_tree-001.png using Guid(fc808ed2a54351b469787b884de490f3) Importer(815301076,1909f56bfc062723c751e8b465ee728b)  -> (artifact id: '3fddf43db3e3b1ded280645747189e3f') in 0.222453 seconds 
========================================================================
Received Import Request.
  Time since last request: 543.687691 seconds.
  path: Assets/Scenes/DeepForest.unity
  artifactKey: Guid(98e260218e911ab4c8ddf708922f0bef) Importer(815301076,1909f56bfc062723c751e8b465ee728b)
Start importing Assets/Scenes/DeepForest.unity using Guid(98e260218e911ab4c8ddf708922f0bef) Importer(815301076,1909f56bfc062723c751e8b465ee728b)  -> (artifact id: '6aa81a163a1a56c8cf77f9ffcf13fd24') in 0.008107 seconds 
========================================================================
Received Import Request.
  Time since last request: 466.451667 seconds.
  path: Assets/Sprites/Levels/water.png
  artifactKey: Guid(c19f57648f4344244aab31bd319f44d5) Importer(815301076,1909f56bfc062723c751e8b465ee728b)
Start importing Assets/Sprites/Levels/water.png using Guid(c19f57648f4344244aab31bd319f44d5) Importer(815301076,1909f56bfc062723c751e8b465ee728b)  -> (artifact id: '952830ee1a5a1f886f038f2db1cb3543') in 0.025517 seconds 
========================================================================
Received Import Request.
  Time since last request: 21.825071 seconds.
  path: Assets/Sprites/Levels/water.png
  artifactKey: Guid(c19f57648f4344244aab31bd319f44d5) Importer(815301076,1909f56bfc062723c751e8b465ee728b)
Start importing Assets/Sprites/Levels/water.png using Guid(c19f57648f4344244aab31bd319f44d5) Importer(815301076,1909f56bfc062723c751e8b465ee728b)  -> (artifact id: '713b9490147c388a252fd06157db8df4') in 0.024266 seconds 
========================================================================
Received Import Request.
  Time since last request: 13.464815 seconds.
  path: Assets/Sprites/Levels/water.png
  artifactKey: Guid(c19f57648f4344244aab31bd319f44d5) Importer(815301076,1909f56bfc062723c751e8b465ee728b)
Start importing Assets/Sprites/Levels/water.png using Guid(c19f57648f4344244aab31bd319f44d5) Importer(815301076,1909f56bfc062723c751e8b465ee728b)  -> (artifact id: '5e84231df148da1ce33e68185b8dc67f') in 0.016226 seconds 
========================================================================
Received Import Request.
  Time since last request: 24.149242 seconds.
  path: Assets/Sprites/Levels/water.png
  artifactKey: Guid(c19f57648f4344244aab31bd319f44d5) Importer(815301076,1909f56bfc062723c751e8b465ee728b)
Start importing Assets/Sprites/Levels/water.png using Guid(c19f57648f4344244aab31bd319f44d5) Importer(815301076,1909f56bfc062723c751e8b465ee728b)  -> (artifact id: '64ee2dc5173896a3245febe271fa7890') in 0.442487 seconds 
========================================================================
Received Import Request.
  Time since last request: 583.353530 seconds.
  path: Assets/Animations/Perro
  artifactKey: Guid(7f728b8609b688a47bbbb3c8b429795e) Importer(815301076,1909f56bfc062723c751e8b465ee728b)
Start importing Assets/Animations/Perro using Guid(7f728b8609b688a47bbbb3c8b429795e) Importer(815301076,1909f56bfc062723c751e8b465ee728b)  -> (artifact id: 'f8452c09d6bb39b89fad3cb5733ec2f5') in 0.009816 seconds 
========================================================================
Received Import Request.
  Time since last request: 2.216458 seconds.
  path: Assets/Animations/Perro/attack.anim
  artifactKey: Guid(bc6b41e0c8152a84da12c702397c802c) Importer(815301076,1909f56bfc062723c751e8b465ee728b)
Start importing Assets/Animations/Perro/attack.anim using Guid(bc6b41e0c8152a84da12c702397c802c) Importer(815301076,1909f56bfc062723c751e8b465ee728b)  -> (artifact id: 'ce17b49c234ccde238d67eeaabaa4a51') in 0.014889 seconds 
========================================================================
Received Import Request.
  Time since last request: 1691.805541 seconds.
  path: Assets/Sprites/Levels/CampFireFinished.png
  artifactKey: Guid(87a4d9f95bb8efb42a2ab6a1d9eb0f6a) Importer(815301076,1909f56bfc062723c751e8b465ee728b)
Start importing Assets/Sprites/Levels/CampFireFinished.png using Guid(87a4d9f95bb8efb42a2ab6a1d9eb0f6a) Importer(815301076,1909f56bfc062723c751e8b465ee728b)  -> (artifact id: 'db5e776bd35b3d17b4edcb4d89ea094f') in 0.035034 seconds 
========================================================================
Received Import Request.
  Time since last request: 32.561156 seconds.
  path: Assets/Sprites/Levels/CampFireFinished.png
  artifactKey: Guid(87a4d9f95bb8efb42a2ab6a1d9eb0f6a) Importer(815301076,1909f56bfc062723c751e8b465ee728b)
Start importing Assets/Sprites/Levels/CampFireFinished.png using Guid(87a4d9f95bb8efb42a2ab6a1d9eb0f6a) Importer(815301076,1909f56bfc062723c751e8b465ee728b)  -> (artifact id: '5f5d36f9583327e8d9a358a1c09b01b7') in 0.044152 seconds 
========================================================================
Received Import Request.
  Time since last request: 30.040827 seconds.
  path: Assets/Sprites/Levels/CampFireFinished.png
  artifactKey: Guid(87a4d9f95bb8efb42a2ab6a1d9eb0f6a) Importer(815301076,1909f56bfc062723c751e8b465ee728b)
Start importing Assets/Sprites/Levels/CampFireFinished.png using Guid(87a4d9f95bb8efb42a2ab6a1d9eb0f6a) Importer(815301076,1909f56bfc062723c751e8b465ee728b)  -> (artifact id: '0149f9b0cc0b45f743c79386b02ac6ca') in 0.041397 seconds 
========================================================================
Received Import Request.
  Time since last request: 54.200685 seconds.
  path: Assets/Sprites/Levels/CampFireFinished.png
  artifactKey: Guid(87a4d9f95bb8efb42a2ab6a1d9eb0f6a) Importer(815301076,1909f56bfc062723c751e8b465ee728b)
Start importing Assets/Sprites/Levels/CampFireFinished.png using Guid(87a4d9f95bb8efb42a2ab6a1d9eb0f6a) Importer(815301076,1909f56bfc062723c751e8b465ee728b)  -> (artifact id: 'b5f1167c60ccfb61308d8ce9c0dcf1a1') in 0.038923 seconds 
========================================================================
Received Import Request.
  Time since last request: 362.470170 seconds.
  path: Assets/Animations/Fire
  artifactKey: Guid(57a39cc587fa07a45ac2950c81a64a57) Importer(815301076,1909f56bfc062723c751e8b465ee728b)
Start importing Assets/Animations/Fire using Guid(57a39cc587fa07a45ac2950c81a64a57) Importer(815301076,1909f56bfc062723c751e8b465ee728b)  -> (artifact id: '3b723249995aa9b6ff7b2a4b3086518c') in 0.008932 seconds 
========================================================================
Received Prepare
Registering precompiled user dll's ...
Registered in 0.011705 seconds.
Begin MonoManager ReloadAssembly
Symbol file LoadedFromMemory doesn't match image C:\Users\Usuario\Documents\GitHub\ProyectoJuegos-GreenForest\ProyectoGreenForest\Library\PackageCache\com.unity.visualscripting@1.7.8\Editor\VisualScripting.Core\Dependencies\YamlDotNet\Unity.VisualScripting.YamlDotNet.dll
Symbol file LoadedFromMemory doesn't match image C:\Users\Usuario\Documents\GitHub\ProyectoJuegos-GreenForest\ProyectoGreenForest\Library\PackageCache\com.unity.visualscripting@1.7.8\Editor\VisualScripting.Core\Dependencies\DotNetZip\Unity.VisualScripting.IonicZip.dll
Native extension for WindowsStandalone target not found
Native extension for Android target not found
Native extension for WebGL target not found
Refreshing native plugins compatible for Editor in 1.59 ms, found 4 plugins.
Preloading 0 native plugins for Editor in 0.00 ms.
Mono: successfully reloaded assembly
- Completed reload, in  2.318 seconds
Domain Reload Profiling:
	ReloadAssembly (2321ms)
		BeginReloadAssembly (465ms)
			ExecutionOrderSort (0ms)
			DisableScriptedObjects (92ms)
			BackupInstance (0ms)
			ReleaseScriptingObjects (0ms)
			CreateAndSetChildDomain (166ms)
		EndReloadAssembly (1674ms)
			LoadAssemblies (227ms)
			RebuildTransferFunctionScriptingTraits (0ms)
			SetupTypeCache (430ms)
			ReleaseScriptCaches (3ms)
			RebuildScriptCaches (88ms)
			SetupLoadedEditorAssemblies (813ms)
				LogAssemblyErrors (0ms)
				InitializePlatformSupportModulesInManaged (38ms)
				SetLoadedEditorAssemblies (1ms)
				RefreshPlugins (2ms)
				BeforeProcessingInitializeOnLoad (137ms)
				ProcessInitializeOnLoadAttributes (483ms)
				ProcessInitializeOnLoadMethodAttributes (136ms)
				AfterProcessingInitializeOnLoad (15ms)
				EditorAssembliesLoaded (0ms)
			ExecutionOrderSort2 (0ms)
			AwakeInstancesAfterBackupRestoration (12ms)
Platform modules already initialized, skipping
Refreshing native plugins compatible for Editor in 4.82 ms, found 4 plugins.
Preloading 0 native plugins for Editor in 0.00 ms.
Unloading 5646 Unused Serialized files (Serialized files now loaded: 0)
Unloading 89 unused Assets / (5.2 MB). Loaded Objects now: 6158.
Memory consumption went from 222.7 MB to 217.5 MB.
Total: 9.285600 ms (FindLiveObjects: 0.499100 ms CreateObjectMapping: 0.206300 ms MarkObjects: 5.640700 ms  DeleteObjects: 2.937800 ms)

AssetImportParameters requested are different than current active one (requested -> active):
  custom:video-decoder-ogg-theora: a1e56fd34408186e4bbccfd4996cb3dc -> 
  custom:container-muxer-webm: aa71ff27fc2769a1b78a27578f13a17b -> 
  custom:container-demuxer-webm: 4f35f7cbe854078d1ac9338744f61a02 -> 
  custom:video-encoder-webm-vp8: eb34c28f22e8b96e1ab97ce403110664 -> 
  custom:audio-encoder-webm-vorbis: bf7c407c2cedff20999df2af8eb42d56 -> 
  custom:framework-win-MediaFoundation: 216162199b28c13a410421893ffa2e32 -> 
  custom:container-demuxer-ogg: 62fdf1f143b41e24485cea50d1cbac27 -> 
  custom:video-decoder-webm-vp8: 9c59270c3fd7afecdb556c50c9e8de78 -> 
  custom:audio-decoder-ogg-vorbis: bf7c407c2cedff20999df2af8eb42d56 -> 
========================================================================
Received Prepare
Registering precompiled user dll's ...
Registered in 0.012325 seconds.
Begin MonoManager ReloadAssembly
Symbol file LoadedFromMemory doesn't match image C:\Users\Usuario\Documents\GitHub\ProyectoJuegos-GreenForest\ProyectoGreenForest\Library\PackageCache\com.unity.visualscripting@1.7.8\Editor\VisualScripting.Core\Dependencies\YamlDotNet\Unity.VisualScripting.YamlDotNet.dll
Symbol file LoadedFromMemory doesn't match image C:\Users\Usuario\Documents\GitHub\ProyectoJuegos-GreenForest\ProyectoGreenForest\Library\PackageCache\com.unity.visualscripting@1.7.8\Editor\VisualScripting.Core\Dependencies\DotNetZip\Unity.VisualScripting.IonicZip.dll
Native extension for WindowsStandalone target not found
Native extension for Android target not found
Native extension for WebGL target not found
Refreshing native plugins compatible for Editor in 1.23 ms, found 4 plugins.
Preloading 0 native plugins for Editor in 0.00 ms.
Mono: successfully reloaded assembly
- Completed reload, in  1.778 seconds
Domain Reload Profiling:
	ReloadAssembly (1779ms)
		BeginReloadAssembly (180ms)
			ExecutionOrderSort (0ms)
			DisableScriptedObjects (11ms)
			BackupInstance (0ms)
			ReleaseScriptingObjects (0ms)
			CreateAndSetChildDomain (47ms)
		EndReloadAssembly (1451ms)
			LoadAssemblies (162ms)
			RebuildTransferFunctionScriptingTraits (0ms)
			SetupTypeCache (412ms)
			ReleaseScriptCaches (3ms)
			RebuildScriptCaches (77ms)
			SetupLoadedEditorAssemblies (711ms)
				LogAssemblyErrors (0ms)
				InitializePlatformSupportModulesInManaged (37ms)
				SetLoadedEditorAssemblies (1ms)
				RefreshPlugins (1ms)
				BeforeProcessingInitializeOnLoad (148ms)
				ProcessInitializeOnLoadAttributes (373ms)
				ProcessInitializeOnLoadMethodAttributes (133ms)
				AfterProcessingInitializeOnLoad (18ms)
				EditorAssembliesLoaded (0ms)
			ExecutionOrderSort2 (0ms)
			AwakeInstancesAfterBackupRestoration (13ms)
Platform modules already initialized, skipping
Refreshing native plugins compatible for Editor in 7.30 ms, found 4 plugins.
Preloading 0 native plugins for Editor in 0.00 ms.
Unloading 5646 Unused Serialized files (Serialized files now loaded: 0)
Unloading 89 unused Assets / (5.1 MB). Loaded Objects now: 6173.
Memory consumption went from 222.7 MB to 217.5 MB.
Total: 8.495900 ms (FindLiveObjects: 0.543300 ms CreateObjectMapping: 0.508300 ms MarkObjects: 4.220600 ms  DeleteObjects: 3.222400 ms)

AssetImportParameters requested are different than current active one (requested -> active):
  custom:video-decoder-ogg-theora: a1e56fd34408186e4bbccfd4996cb3dc -> 
  custom:container-muxer-webm: aa71ff27fc2769a1b78a27578f13a17b -> 
  custom:container-demuxer-webm: 4f35f7cbe854078d1ac9338744f61a02 -> 
  custom:video-encoder-webm-vp8: eb34c28f22e8b96e1ab97ce403110664 -> 
  custom:audio-encoder-webm-vorbis: bf7c407c2cedff20999df2af8eb42d56 -> 
  custom:framework-win-MediaFoundation: 216162199b28c13a410421893ffa2e32 -> 
  custom:container-demuxer-ogg: 62fdf1f143b41e24485cea50d1cbac27 -> 
  custom:video-decoder-webm-vp8: 9c59270c3fd7afecdb556c50c9e8de78 -> 
  custom:audio-decoder-ogg-vorbis: bf7c407c2cedff20999df2af8eb42d56 -> 
========================================================================
Received Import Request.
  Time since last request: 459.567600 seconds.
  path: Assets/Animations/Fire/New Animator Controller.controller
  artifactKey: Guid(c53d0061c494f7246a0b6e1b349f9d42) Importer(815301076,1909f56bfc062723c751e8b465ee728b)
Start importing Assets/Animations/Fire/New Animator Controller.controller using Guid(c53d0061c494f7246a0b6e1b349f9d42) Importer(815301076,1909f56bfc062723c751e8b465ee728b)  -> (artifact id: '2e37e5efe0efadd930b24d1b7507c2e3') in 0.059891 seconds 
========================================================================
Received Import Request.
  Time since last request: 7.379459 seconds.
  path: Assets/Animations/Fire/Fire.controller
  artifactKey: Guid(c53d0061c494f7246a0b6e1b349f9d42) Importer(815301076,1909f56bfc062723c751e8b465ee728b)
Start importing Assets/Animations/Fire/Fire.controller using Guid(c53d0061c494f7246a0b6e1b349f9d42) Importer(815301076,1909f56bfc062723c751e8b465ee728b)  -> (artifact id: '72d830b41557051013cf24c511225d55') in 0.004299 seconds 
========================================================================
Received Import Request.
  Time since last request: 91.243639 seconds.
  path: Assets/Sprites/Levels/CampFireFinished.png
  artifactKey: Guid(87a4d9f95bb8efb42a2ab6a1d9eb0f6a) Importer(815301076,1909f56bfc062723c751e8b465ee728b)
Start importing Assets/Sprites/Levels/CampFireFinished.png using Guid(87a4d9f95bb8efb42a2ab6a1d9eb0f6a) Importer(815301076,1909f56bfc062723c751e8b465ee728b)  -> (artifact id: 'fa1c36e7ec5b10aec01a3af39443645e') in 0.105313 seconds 
========================================================================
Received Prepare
Registering precompiled user dll's ...
Registered in 0.011353 seconds.
Begin MonoManager ReloadAssembly
Symbol file LoadedFromMemory doesn't match image C:\Users\Usuario\Documents\GitHub\ProyectoJuegos-GreenForest\ProyectoGreenForest\Library\PackageCache\com.unity.visualscripting@1.7.8\Editor\VisualScripting.Core\Dependencies\YamlDotNet\Unity.VisualScripting.YamlDotNet.dll
Symbol file LoadedFromMemory doesn't match image C:\Users\Usuario\Documents\GitHub\ProyectoJuegos-GreenForest\ProyectoGreenForest\Library\PackageCache\com.unity.visualscripting@1.7.8\Editor\VisualScripting.Core\Dependencies\DotNetZip\Unity.VisualScripting.IonicZip.dll
Native extension for WindowsStandalone target not found
Native extension for Android target not found
Native extension for WebGL target not found
Refreshing native plugins compatible for Editor in 1.17 ms, found 4 plugins.
Preloading 0 native plugins for Editor in 0.00 ms.
Mono: successfully reloaded assembly
- Completed reload, in  1.555 seconds
Domain Reload Profiling:
	ReloadAssembly (1556ms)
		BeginReloadAssembly (169ms)
			ExecutionOrderSort (0ms)
			DisableScriptedObjects (7ms)
			BackupInstance (0ms)
			ReleaseScriptingObjects (0ms)
			CreateAndSetChildDomain (49ms)
		EndReloadAssembly (1256ms)
			LoadAssemblies (124ms)
			RebuildTransferFunctionScriptingTraits (0ms)
			SetupTypeCache (325ms)
			ReleaseScriptCaches (2ms)
			RebuildScriptCaches (68ms)
			SetupLoadedEditorAssemblies (642ms)
				LogAssemblyErrors (0ms)
				InitializePlatformSupportModulesInManaged (32ms)
				SetLoadedEditorAssemblies (1ms)
				RefreshPlugins (1ms)
				BeforeProcessingInitializeOnLoad (128ms)
				ProcessInitializeOnLoadAttributes (344ms)
				ProcessInitializeOnLoadMethodAttributes (120ms)
				AfterProcessingInitializeOnLoad (15ms)
				EditorAssembliesLoaded (0ms)
			ExecutionOrderSort2 (0ms)
			AwakeInstancesAfterBackupRestoration (10ms)
Platform modules already initialized, skipping
Refreshing native plugins compatible for Editor in 5.05 ms, found 4 plugins.
Preloading 0 native plugins for Editor in 0.00 ms.
Unloading 5646 Unused Serialized files (Serialized files now loaded: 0)
Unloading 89 unused Assets / (5.3 MB). Loaded Objects now: 6188.
Memory consumption went from 223.0 MB to 217.7 MB.
Total: 7.290000 ms (FindLiveObjects: 0.468000 ms CreateObjectMapping: 0.166000 ms MarkObjects: 4.016400 ms  DeleteObjects: 2.638400 ms)

AssetImportParameters requested are different than current active one (requested -> active):
  custom:video-decoder-ogg-theora: a1e56fd34408186e4bbccfd4996cb3dc -> 
  custom:container-muxer-webm: aa71ff27fc2769a1b78a27578f13a17b -> 
  custom:container-demuxer-webm: 4f35f7cbe854078d1ac9338744f61a02 -> 
  custom:video-encoder-webm-vp8: eb34c28f22e8b96e1ab97ce403110664 -> 
  custom:audio-encoder-webm-vorbis: bf7c407c2cedff20999df2af8eb42d56 -> 
  custom:framework-win-MediaFoundation: 216162199b28c13a410421893ffa2e32 -> 
  custom:container-demuxer-ogg: 62fdf1f143b41e24485cea50d1cbac27 -> 
  custom:video-decoder-webm-vp8: 9c59270c3fd7afecdb556c50c9e8de78 -> 
  custom:audio-decoder-ogg-vorbis: bf7c407c2cedff20999df2af8eb42d56 -> 
========================================================================
Received Prepare
Registering precompiled user dll's ...
Registered in 0.015381 seconds.
Begin MonoManager ReloadAssembly
Symbol file LoadedFromMemory doesn't match image C:\Users\Usuario\Documents\GitHub\ProyectoJuegos-GreenForest\ProyectoGreenForest\Library\PackageCache\com.unity.visualscripting@1.7.8\Editor\VisualScripting.Core\Dependencies\YamlDotNet\Unity.VisualScripting.YamlDotNet.dll
Symbol file LoadedFromMemory doesn't match image C:\Users\Usuario\Documents\GitHub\ProyectoJuegos-GreenForest\ProyectoGreenForest\Library\PackageCache\com.unity.visualscripting@1.7.8\Editor\VisualScripting.Core\Dependencies\DotNetZip\Unity.VisualScripting.IonicZip.dll
Native extension for WindowsStandalone target not found
Native extension for Android target not found
Native extension for WebGL target not found
Refreshing native plugins compatible for Editor in 1.79 ms, found 4 plugins.
Preloading 0 native plugins for Editor in 0.00 ms.
Mono: successfully reloaded assembly
- Completed reload, in  2.002 seconds
Domain Reload Profiling:
	ReloadAssembly (2003ms)
		BeginReloadAssembly (210ms)
			ExecutionOrderSort (0ms)
			DisableScriptedObjects (11ms)
			BackupInstance (0ms)
			ReleaseScriptingObjects (0ms)
			CreateAndSetChildDomain (62ms)
		EndReloadAssembly (1624ms)
			LoadAssemblies (152ms)
			RebuildTransferFunctionScriptingTraits (0ms)
			SetupTypeCache (429ms)
			ReleaseScriptCaches (3ms)
			RebuildScriptCaches (86ms)
			SetupLoadedEditorAssemblies (844ms)
				LogAssemblyErrors (0ms)
				InitializePlatformSupportModulesInManaged (40ms)
				SetLoadedEditorAssemblies (1ms)
				RefreshPlugins (2ms)
				BeforeProcessingInitializeOnLoad (156ms)
				ProcessInitializeOnLoadAttributes (431ms)
				ProcessInitializeOnLoadMethodAttributes (191ms)
				AfterProcessingInitializeOnLoad (23ms)
				EditorAssembliesLoaded (0ms)
			ExecutionOrderSort2 (0ms)
			AwakeInstancesAfterBackupRestoration (19ms)
Platform modules already initialized, skipping
Refreshing native plugins compatible for Editor in 7.79 ms, found 4 plugins.
Preloading 0 native plugins for Editor in 0.00 ms.
Unloading 5646 Unused Serialized files (Serialized files now loaded: 0)
Unloading 89 unused Assets / (5.3 MB). Loaded Objects now: 6203.
Memory consumption went from 223.0 MB to 217.7 MB.
Total: 10.114700 ms (FindLiveObjects: 0.599200 ms CreateObjectMapping: 0.721800 ms MarkObjects: 5.065300 ms  DeleteObjects: 3.727000 ms)

AssetImportParameters requested are different than current active one (requested -> active):
  custom:video-decoder-ogg-theora: a1e56fd34408186e4bbccfd4996cb3dc -> 
  custom:container-muxer-webm: aa71ff27fc2769a1b78a27578f13a17b -> 
  custom:container-demuxer-webm: 4f35f7cbe854078d1ac9338744f61a02 -> 
  custom:video-encoder-webm-vp8: eb34c28f22e8b96e1ab97ce403110664 -> 
  custom:audio-encoder-webm-vorbis: bf7c407c2cedff20999df2af8eb42d56 -> 
  custom:framework-win-MediaFoundation: 216162199b28c13a410421893ffa2e32 -> 
  custom:container-demuxer-ogg: 62fdf1f143b41e24485cea50d1cbac27 -> 
  custom:video-decoder-webm-vp8: 9c59270c3fd7afecdb556c50c9e8de78 -> 
  custom:audio-decoder-ogg-vorbis: bf7c407c2cedff20999df2af8eb42d56 -> 
========================================================================
Received Import Request.
  Time since last request: 396.425911 seconds.
  path: Assets/Prefabs/Traps
  artifactKey: Guid(5c37bcb1a34264f45b3df6887a04606d) Importer(815301076,1909f56bfc062723c751e8b465ee728b)
Start importing Assets/Prefabs/Traps using Guid(5c37bcb1a34264f45b3df6887a04606d) Importer(815301076,1909f56bfc062723c751e8b465ee728b)  -> (artifact id: '16cc01d5cbf99cd2cd1cc7e22f135fb3') in 0.020997 seconds 
========================================================================
Received Import Request.
  Time since last request: 6.588799 seconds.
  path: Assets/Prefabs/Traps/CampFire.prefab
  artifactKey: Guid(6a7c64800ca0c064790792d36fc90c44) Importer(815301076,1909f56bfc062723c751e8b465ee728b)
Start importing Assets/Prefabs/Traps/CampFire.prefab using Guid(6a7c64800ca0c064790792d36fc90c44) Importer(815301076,1909f56bfc062723c751e8b465ee728b)  -> (artifact id: '5acfbc1be337dbe61cfa16d15db679f0') in 0.468801 seconds 
========================================================================
Received Import Request.
  Time since last request: 718.856046 seconds.
  path: Assets/Sprites/Levels/BattleAxeA.png
  artifactKey: Guid(d487619a41dbf76409fb7d9644576d51) Importer(815301076,1909f56bfc062723c751e8b465ee728b)
Start importing Assets/Sprites/Levels/BattleAxeA.png using Guid(d487619a41dbf76409fb7d9644576d51) Importer(815301076,1909f56bfc062723c751e8b465ee728b)  -> (artifact id: '94738041db6a2b4cd1da950009318d2e') in 0.050258 seconds 
========================================================================
Received Import Request.
  Time since last request: 48.827689 seconds.
  path: Assets/Sprites/Levels/BattleAxeA.png
  artifactKey: Guid(d487619a41dbf76409fb7d9644576d51) Importer(815301076,1909f56bfc062723c751e8b465ee728b)
Start importing Assets/Sprites/Levels/BattleAxeA.png using Guid(d487619a41dbf76409fb7d9644576d51) Importer(815301076,1909f56bfc062723c751e8b465ee728b)  -> (artifact id: '0317d5b5d1c55f7b2b7372d499e05bb2') in 0.023057 seconds 
========================================================================
Received Import Request.
  Time since last request: 17.403546 seconds.
  path: Assets/Sprites/Levels/BattleAxeA.png
  artifactKey: Guid(d487619a41dbf76409fb7d9644576d51) Importer(815301076,1909f56bfc062723c751e8b465ee728b)
Start importing Assets/Sprites/Levels/BattleAxeA.png using Guid(d487619a41dbf76409fb7d9644576d51) Importer(815301076,1909f56bfc062723c751e8b465ee728b)  -> (artifact id: '24afec93d7c01545a89d2a18008297f7') in 0.023531 seconds 
========================================================================
Received Import Request.
  Time since last request: 10.568103 seconds.
  path: Assets/Sprites/Levels/bg-layer-2-full-alpha.png
  artifactKey: Guid(97662d287fa43134ab2543b95ab59472) Importer(815301076,1909f56bfc062723c751e8b465ee728b)
Start importing Assets/Sprites/Levels/bg-layer-2-full-alpha.png using Guid(97662d287fa43134ab2543b95ab59472) Importer(815301076,1909f56bfc062723c751e8b465ee728b)  -> (artifact id: 'a6b107c05bea1dea1c0925510935d16e') in 0.140541 seconds 
========================================================================
Received Import Request.
  Time since last request: 10.872421 seconds.
  path: Assets/Sprites/Levels/BattleAxeA.png
  artifactKey: Guid(d487619a41dbf76409fb7d9644576d51) Importer(815301076,1909f56bfc062723c751e8b465ee728b)
Start importing Assets/Sprites/Levels/BattleAxeA.png using Guid(d487619a41dbf76409fb7d9644576d51) Importer(815301076,1909f56bfc062723c751e8b465ee728b)  -> (artifact id: '0756d2ff130cbbd398035e0793a19710') in 0.023405 seconds 
========================================================================
Received Import Request.
  Time since last request: 228.342980 seconds.
  path: Assets/Sprites/Levels/BattleAxeA.png
  artifactKey: Guid(d487619a41dbf76409fb7d9644576d51) Importer(815301076,1909f56bfc062723c751e8b465ee728b)
Start importing Assets/Sprites/Levels/BattleAxeA.png using Guid(d487619a41dbf76409fb7d9644576d51) Importer(815301076,1909f56bfc062723c751e8b465ee728b)  -> (artifact id: 'd9d50b032677ecf9f2891873dbe35da9') in 0.031340 seconds 
========================================================================
Received Import Request.
  Time since last request: 39.722847 seconds.
  path: Assets/Sprites/Levels/BattleAxeA.png
  artifactKey: Guid(d487619a41dbf76409fb7d9644576d51) Importer(815301076,1909f56bfc062723c751e8b465ee728b)
Start importing Assets/Sprites/Levels/BattleAxeA.png using Guid(d487619a41dbf76409fb7d9644576d51) Importer(815301076,1909f56bfc062723c751e8b465ee728b)  -> (artifact id: '82f21968645252f08080037e561d816c') in 0.024870 seconds 
