Using pre-set license
Built from '2021.3/staging' branch; Version is '2021.3.9f1 (ad3870b89536) revision 11352176'; Using compiler version '192829333'; Build Type 'Release'
OS: 'Windows 11  (10.0.22000) 64bit CoreSingleLanguage' Language: 'es' Physical Memory: 6082 MB
BatchMode: 1, IsHumanControllingUs: 0, StartBugReporterOnCrash: 0, Is64bit: 1, IsPro: 1

COMMAND LINE ARGUMENTS:
C:\Program Files\Unity\Hub\Editor\2021.3.9f1\Editor\Unity.exe
-adb2
-batchMode
-noUpm
-name
AssetImportWorker18
-projectPath
C:/Users/camil/Documents/GitHub/ProyectoGreenForest
-logFile
Logs/AssetImportWorker18.log
-srvPort
57838
Successfully changed project path to: C:/Users/camil/Documents/GitHub/ProyectoGreenForest
C:/Users/camil/Documents/GitHub/ProyectoGreenForest
[UnityMemory] Configuration Parameters - Can be set up in boot.config
    "memorysetup-bucket-allocator-granularity=16"
    "memorysetup-bucket-allocator-bucket-count=8"
    "memorysetup-bucket-allocator-block-size=33554432"
    "memorysetup-bucket-allocator-block-count=8"
    "memorysetup-main-allocator-block-size=16777216"
    "memorysetup-thread-allocator-block-size=16777216"
    "memorysetup-gfx-main-allocator-block-size=16777216"
    "memorysetup-gfx-thread-allocator-block-size=16777216"
    "memorysetup-cache-allocator-block-size=4194304"
    "memorysetup-typetree-allocator-block-size=2097152"
    "memorysetup-profiler-bucket-allocator-granularity=16"
    "memorysetup-profiler-bucket-allocator-bucket-count=8"
    "memorysetup-profiler-bucket-allocator-block-size=33554432"
    "memorysetup-profiler-bucket-allocator-block-count=8"
    "memorysetup-profiler-allocator-block-size=16777216"
    "memorysetup-profiler-editor-allocator-block-size=1048576"
    "memorysetup-temp-allocator-size-main=16777216"
    "memorysetup-job-temp-allocator-block-size=2097152"
    "memorysetup-job-temp-allocator-block-size-background=1048576"
    "memorysetup-job-temp-allocator-reduction-small-platforms=262144"
    "memorysetup-temp-allocator-size-background-worker=32768"
    "memorysetup-temp-allocator-size-job-worker=262144"
    "memorysetup-temp-allocator-size-preload-manager=33554432"
    "memorysetup-temp-allocator-size-nav-mesh-worker=65536"
    "memorysetup-temp-allocator-size-audio-worker=65536"
    "memorysetup-temp-allocator-size-cloud-worker=32768"
    "memorysetup-temp-allocator-size-gi-baking-worker=262144"
    "memorysetup-temp-allocator-size-gfx=262144"
Refreshing native plugins compatible for Editor in 178.48 ms, found 4 plugins.
Preloading 0 native plugins for Editor in 0.00 ms.
Initialize engine version: 2021.3.9f1 (ad3870b89536)
[Subsystems] Discovering subsystems at path C:/Program Files/Unity/Hub/Editor/2021.3.9f1/Editor/Data/Resources/UnitySubsystems
[Subsystems] Discovering subsystems at path C:/Users/camil/Documents/GitHub/ProyectoGreenForest/Assets
GfxDevice: creating device client; threaded=0; jobified=0
Direct3D:
    Version:  Direct3D 11.0 [level 11.1]
    Renderer: AMD Radeon(TM) Vega 3 Graphics (ID=0x15d8)
    Vendor:   ATI
    VRAM:     3041 MB
    Driver:   27.20.11036.3
Initialize mono
Mono path[0] = 'C:/Program Files/Unity/Hub/Editor/2021.3.9f1/Editor/Data/Managed'
Mono path[1] = 'C:/Program Files/Unity/Hub/Editor/2021.3.9f1/Editor/Data/MonoBleedingEdge/lib/mono/unityjit-win32'
Mono config path = 'C:/Program Files/Unity/Hub/Editor/2021.3.9f1/Editor/Data/MonoBleedingEdge/etc'
Using monoOptions --debugger-agent=transport=dt_socket,embedding=1,server=y,suspend=n,address=127.0.0.1:56576
Begin MonoManager ReloadAssembly
Registering precompiled unity dll's ...
Register platform support module: C:/Program Files/Unity/Hub/Editor/2021.3.9f1/Editor/Data/PlaybackEngines/WebGLSupport/UnityEditor.WebGL.Extensions.dll
Register platform support module: C:/Program Files/Unity/Hub/Editor/2021.3.9f1/Editor/Data/PlaybackEngines/WindowsStandaloneSupport/UnityEditor.WindowsStandalone.Extensions.dll
Registered in 0.008366 seconds.
Native extension for WindowsStandalone target not found
Native extension for WebGL target not found
Refreshing native plugins compatible for Editor in 179.29 ms, found 4 plugins.
Preloading 0 native plugins for Editor in 0.00 ms.
Mono: successfully reloaded assembly
- Completed reload, in  1.052 seconds
Domain Reload Profiling:
	ReloadAssembly (1053ms)
		BeginReloadAssembly (116ms)
			ExecutionOrderSort (0ms)
			DisableScriptedObjects (0ms)
			BackupInstance (0ms)
			ReleaseScriptingObjects (0ms)
			CreateAndSetChildDomain (1ms)
		EndReloadAssembly (752ms)
			LoadAssemblies (109ms)
			RebuildTransferFunctionScriptingTraits (0ms)
			SetupTypeCache (166ms)
			ReleaseScriptCaches (0ms)
			RebuildScriptCaches (42ms)
			SetupLoadedEditorAssemblies (456ms)
				LogAssemblyErrors (0ms)
				InitializePlatformSupportModulesInManaged (13ms)
				SetLoadedEditorAssemblies (0ms)
				RefreshPlugins (179ms)
				BeforeProcessingInitializeOnLoad (2ms)
				ProcessInitializeOnLoadAttributes (188ms)
				ProcessInitializeOnLoadMethodAttributes (74ms)
				AfterProcessingInitializeOnLoad (0ms)
				EditorAssembliesLoaded (0ms)
			ExecutionOrderSort2 (0ms)
			AwakeInstancesAfterBackupRestoration (0ms)
Platform modules already initialized, skipping
Registering precompiled user dll's ...
Registered in 0.018910 seconds.
Begin MonoManager ReloadAssembly
Symbol file LoadedFromMemory doesn't match image C:\Users\camil\Documents\GitHub\ProyectoGreenForest\Library\PackageCache\com.unity.visualscripting@1.7.8\Editor\VisualScripting.Core\Dependencies\YamlDotNet\Unity.VisualScripting.YamlDotNet.dll
Symbol file LoadedFromMemory doesn't match image C:\Users\camil\Documents\GitHub\ProyectoGreenForest\Library\PackageCache\com.unity.visualscripting@1.7.8\Editor\VisualScripting.Core\Dependencies\DotNetZip\Unity.VisualScripting.IonicZip.dll
Native extension for WindowsStandalone target not found
Native extension for WebGL target not found
Refreshing native plugins compatible for Editor in 176.01 ms, found 4 plugins.
Preloading 0 native plugins for Editor in 0.00 ms.
Mono: successfully reloaded assembly
- Completed reload, in 12.148 seconds
Domain Reload Profiling:
	ReloadAssembly (12149ms)
		BeginReloadAssembly (176ms)
			ExecutionOrderSort (0ms)
			DisableScriptedObjects (8ms)
			BackupInstance (0ms)
			ReleaseScriptingObjects (0ms)
			CreateAndSetChildDomain (28ms)
		EndReloadAssembly (10461ms)
			LoadAssemblies (8098ms)
			RebuildTransferFunctionScriptingTraits (0ms)
			SetupTypeCache (427ms)
			ReleaseScriptCaches (2ms)
			RebuildScriptCaches (102ms)
			SetupLoadedEditorAssemblies (1735ms)
				LogAssemblyErrors (0ms)
				InitializePlatformSupportModulesInManaged (9ms)
				SetLoadedEditorAssemblies (0ms)
				RefreshPlugins (176ms)
				BeforeProcessingInitializeOnLoad (208ms)
				ProcessInitializeOnLoadAttributes (809ms)
				ProcessInitializeOnLoadMethodAttributes (513ms)
				AfterProcessingInitializeOnLoad (19ms)
				EditorAssembliesLoaded (0ms)
			ExecutionOrderSort2 (0ms)
			AwakeInstancesAfterBackupRestoration (10ms)
Platform modules already initialized, skipping
========================================================================
Worker process is ready to serve import requests
Launched and connected shader compiler UnityShaderCompiler.exe after 2.42 seconds
Refreshing native plugins compatible for Editor in 3.82 ms, found 4 plugins.
Preloading 0 native plugins for Editor in 0.00 ms.
Unloading 5548 Unused Serialized files (Serialized files now loaded: 0)
Unloading 43 unused Assets / (0.7 MB). Loaded Objects now: 5999.
Memory consumption went from 216.7 MB to 216.0 MB.
Total: 6.222100 ms (FindLiveObjects: 0.782000 ms CreateObjectMapping: 0.483100 ms MarkObjects: 4.447600 ms  DeleteObjects: 0.507900 ms)

AssetImportParameters requested are different than current active one (requested -> active):
  custom:video-decoder-ogg-theora: a1e56fd34408186e4bbccfd4996cb3dc -> 
  custom:container-muxer-webm: aa71ff27fc2769a1b78a27578f13a17b -> 
  custom:container-demuxer-webm: 4f35f7cbe854078d1ac9338744f61a02 -> 
  custom:video-encoder-webm-vp8: eb34c28f22e8b96e1ab97ce403110664 -> 
  custom:video-codec-MediaFoundation-h265: 746d11721c4dcdbdad8f713fa42b33f4 -> 
  custom:audio-encoder-webm-vorbis: bf7c407c2cedff20999df2af8eb42d56 -> 
  custom:framework-win-MediaFoundation: 216162199b28c13a410421893ffa2e32 -> 
  custom:container-demuxer-ogg: 62fdf1f143b41e24485cea50d1cbac27 -> 
  custom:video-decoder-webm-vp8: 9c59270c3fd7afecdb556c50c9e8de78 -> 
  custom:audio-decoder-ogg-vorbis: bf7c407c2cedff20999df2af8eb42d56 -> 
========================================================================
Received Import Request.
  Time since last request: 24078.781338 seconds.
  path: Assets/Scenes/GameMenu.unity
  artifactKey: Guid(88d66cc4b12ad324c91c2e66cf611c16) Importer(815301076,1909f56bfc062723c751e8b465ee728b)
Start importing Assets/Scenes/GameMenu.unity using Guid(88d66cc4b12ad324c91c2e66cf611c16) Importer(815301076,1909f56bfc062723c751e8b465ee728b)  -> (artifact id: '1120adb8f8d209c5ece4358052acd094') in 0.707699 seconds 
========================================================================
Received Import Request.
  Time since last request: 651.291108 seconds.
  path: Assets/Sprites/Button
  artifactKey: Guid(8f23b45cbf3cb99489d4b47241830a0b) Importer(815301076,1909f56bfc062723c751e8b465ee728b)
Start importing Assets/Sprites/Button using Guid(8f23b45cbf3cb99489d4b47241830a0b) Importer(815301076,1909f56bfc062723c751e8b465ee728b)  -> (artifact id: '1a87c9344b167e27fd8e78e8239d4c0f') in 0.014778 seconds 
========================================================================
Received Import Request.
  Time since last request: 0.684110 seconds.
  path: Assets/Sprites/CustomText
  artifactKey: Guid(281c655a28fee4d45a34dd15c1b5b195) Importer(815301076,1909f56bfc062723c751e8b465ee728b)
Start importing Assets/Sprites/CustomText using Guid(281c655a28fee4d45a34dd15c1b5b195) Importer(815301076,1909f56bfc062723c751e8b465ee728b)  -> (artifact id: '0feda5f0e0fbf2ceb05fbd93d812e3de') in 0.013365 seconds 
========================================================================
Received Import Request.
  Time since last request: 9.464240 seconds.
  path: Assets/Sprites/CustomText/Title.png
  artifactKey: Guid(18892dcb16dc26e4d89d0df2ed5be6c9) Importer(815301076,1909f56bfc062723c751e8b465ee728b)
Start importing Assets/Sprites/CustomText/Title.png using Guid(18892dcb16dc26e4d89d0df2ed5be6c9) Importer(815301076,1909f56bfc062723c751e8b465ee728b)  -> (artifact id: '68c8e5a77bdabf666075aebabc8f565a') in 1.211849 seconds 
========================================================================
Received Import Request.
  Time since last request: 22.679877 seconds.
  path: Assets/Sprites/CustomText/Cool Text - Load 422493497808987.png
  artifactKey: Guid(e553441f5932b1a4b8c692db7529c7a4) Importer(815301076,1909f56bfc062723c751e8b465ee728b)
Start importing Assets/Sprites/CustomText/Cool Text - Load 422493497808987.png using Guid(e553441f5932b1a4b8c692db7529c7a4) Importer(815301076,1909f56bfc062723c751e8b465ee728b)  -> (artifact id: '6dd2814bac2d1ddc74109269dcefa5db') in 0.042486 seconds 
========================================================================
Received Import Request.
  Time since last request: 9.576150 seconds.
  path: Assets/Sprites/CustomText/LoadGame.png
  artifactKey: Guid(e553441f5932b1a4b8c692db7529c7a4) Importer(815301076,1909f56bfc062723c751e8b465ee728b)
Start importing Assets/Sprites/CustomText/LoadGame.png using Guid(e553441f5932b1a4b8c692db7529c7a4) Importer(815301076,1909f56bfc062723c751e8b465ee728b)  -> (artifact id: 'ac2ad862e35435c7c5f081cc44aab95f') in 0.036314 seconds 
========================================================================
Received Import Request.
  Time since last request: 116.658780 seconds.
  path: Assets/Sprites/CustomText/Cool Text - New 422493693074889.png
  artifactKey: Guid(620ab3373cb95c240aa43292a86aadf0) Importer(815301076,1909f56bfc062723c751e8b465ee728b)
Start importing Assets/Sprites/CustomText/Cool Text - New 422493693074889.png using Guid(620ab3373cb95c240aa43292a86aadf0) Importer(815301076,1909f56bfc062723c751e8b465ee728b)  -> (artifact id: '14b3cb6aa247157f1ddc503942e32460') in 0.171721 seconds 
========================================================================
Received Import Request.
  Time since last request: 7.811005 seconds.
  path: Assets/Sprites/CustomText/Load.png
  artifactKey: Guid(620ab3373cb95c240aa43292a86aadf0) Importer(815301076,1909f56bfc062723c751e8b465ee728b)
Start importing Assets/Sprites/CustomText/Load.png using Guid(620ab3373cb95c240aa43292a86aadf0) Importer(815301076,1909f56bfc062723c751e8b465ee728b)  -> (artifact id: 'd096e43bf4f10897b5c2c16681446b73') in 0.048098 seconds 
========================================================================
Received Import Request.
  Time since last request: 8.775379 seconds.
  path: Assets/Sprites/CustomText/NewGame.png
  artifactKey: Guid(620ab3373cb95c240aa43292a86aadf0) Importer(815301076,1909f56bfc062723c751e8b465ee728b)
Start importing Assets/Sprites/CustomText/NewGame.png using Guid(620ab3373cb95c240aa43292a86aadf0) Importer(815301076,1909f56bfc062723c751e8b465ee728b)  -> (artifact id: '33403720ea30311410d38d5bfe516b69') in 0.031068 seconds 
========================================================================
Received Import Request.
  Time since last request: 131.896327 seconds.
  path: Assets/Sprites/CustomText/Cool Text - Options 422493784015942.png
  artifactKey: Guid(cfb949ad36cba1449987e40a29459088) Importer(815301076,1909f56bfc062723c751e8b465ee728b)
Start importing Assets/Sprites/CustomText/Cool Text - Options 422493784015942.png using Guid(cfb949ad36cba1449987e40a29459088) Importer(815301076,1909f56bfc062723c751e8b465ee728b)  -> (artifact id: 'b9444031605f7647af47d8a8b88a879a') in 0.112366 seconds 
========================================================================
Received Import Request.
  Time since last request: 5.214020 seconds.
  path: Assets/Sprites/CustomText/Options.png
  artifactKey: Guid(cfb949ad36cba1449987e40a29459088) Importer(815301076,1909f56bfc062723c751e8b465ee728b)
Start importing Assets/Sprites/CustomText/Options.png using Guid(cfb949ad36cba1449987e40a29459088) Importer(815301076,1909f56bfc062723c751e8b465ee728b)  -> (artifact id: '21bc7bb3fc30119689aa34af4d21d2bd') in 0.043151 seconds 
========================================================================
Received Import Request.
  Time since last request: 194.718048 seconds.
  path: Assets/Sprites/CustomText/Cool Text - Back 422493890913333.png
  artifactKey: Guid(42145c5e28495c84f94980a842c54a04) Importer(815301076,1909f56bfc062723c751e8b465ee728b)
Start importing Assets/Sprites/CustomText/Cool Text - Back 422493890913333.png using Guid(42145c5e28495c84f94980a842c54a04) Importer(815301076,1909f56bfc062723c751e8b465ee728b)  -> (artifact id: 'c324bc27d1fdb3b123974681b3325aa7') in 0.086746 seconds 
========================================================================
Received Import Request.
  Time since last request: 3.342398 seconds.
  path: Assets/Sprites/CustomText/Back.png
  artifactKey: Guid(42145c5e28495c84f94980a842c54a04) Importer(815301076,1909f56bfc062723c751e8b465ee728b)
Start importing Assets/Sprites/CustomText/Back.png using Guid(42145c5e28495c84f94980a842c54a04) Importer(815301076,1909f56bfc062723c751e8b465ee728b)  -> (artifact id: 'edbfd4c3173cb1ecac65c2c45acdee43') in 0.046029 seconds 
========================================================================
Received Import Request.
  Time since last request: 88.347424 seconds.
  path: Assets/Scenes/DeepForest.unity
  artifactKey: Guid(98e260218e911ab4c8ddf708922f0bef) Importer(815301076,1909f56bfc062723c751e8b465ee728b)
Start importing Assets/Scenes/DeepForest.unity using Guid(98e260218e911ab4c8ddf708922f0bef) Importer(815301076,1909f56bfc062723c751e8b465ee728b)  -> (artifact id: '50a276f7e66a7052d31f602be481603e') in 0.035227 seconds 
========================================================================
Received Import Request.
  Time since last request: 9.606216 seconds.
  path: Assets/Scenes/CentralForest.unity
  artifactKey: Guid(c7f1db2e91505f042999ca0b6d865ec3) Importer(815301076,1909f56bfc062723c751e8b465ee728b)
Start importing Assets/Scenes/CentralForest.unity using Guid(c7f1db2e91505f042999ca0b6d865ec3) Importer(815301076,1909f56bfc062723c751e8b465ee728b)  -> (artifact id: 'ddc47102500f19f4df915b4c7d404b22') in 0.279573 seconds 
========================================================================
Received Import Request.
  Time since last request: 1.903664 seconds.
  path: Assets/Scenes/GameMenu.unity
  artifactKey: Guid(88d66cc4b12ad324c91c2e66cf611c16) Importer(815301076,1909f56bfc062723c751e8b465ee728b)
Start importing Assets/Scenes/GameMenu.unity using Guid(88d66cc4b12ad324c91c2e66cf611c16) Importer(815301076,1909f56bfc062723c751e8b465ee728b)  -> (artifact id: '248597b13d2a230843e1c8e8f44d5b89') in 0.013401 seconds 
========================================================================
Received Import Request.
  Time since last request: 0.412777 seconds.
  path: Assets/Scenes/GameOver.unity
  artifactKey: Guid(055959421905b104a8b79d8a34ec20f6) Importer(815301076,1909f56bfc062723c751e8b465ee728b)
Start importing Assets/Scenes/GameOver.unity using Guid(055959421905b104a8b79d8a34ec20f6) Importer(815301076,1909f56bfc062723c751e8b465ee728b)  -> (artifact id: 'eae17ce3aae327edb095ebadec3316e7') in 0.064580 seconds 
========================================================================
Received Import Request.
  Time since last request: 17.905988 seconds.
  path: Assets/Scenes/GameStart.unity
  artifactKey: Guid(8c9cfa26abfee488c85f1582747f6a02) Importer(815301076,1909f56bfc062723c751e8b465ee728b)
Start importing Assets/Scenes/GameStart.unity using Guid(8c9cfa26abfee488c85f1582747f6a02) Importer(815301076,1909f56bfc062723c751e8b465ee728b)  -> (artifact id: '165fbcf1bc9530014bebd4484ee28e01') in 0.022888 seconds 
========================================================================
Received Import Request.
  Time since last request: 6.194336 seconds.
  path: Assets/Scenes/GreenForest.unity
  artifactKey: Guid(a89b1353b7acfc942b4380227f3d8bbc) Importer(815301076,1909f56bfc062723c751e8b465ee728b)
Start importing Assets/Scenes/GreenForest.unity using Guid(a89b1353b7acfc942b4380227f3d8bbc) Importer(815301076,1909f56bfc062723c751e8b465ee728b)  -> (artifact id: 'b3f4d8d5118954727e88a993d1a5ae00') in 0.013321 seconds 
