Using pre-set license
Built from '2021.3/staging' branch; Version is '2021.3.9f1 (ad3870b89536) revision 11352176'; Using compiler version '192829333'; Build Type 'Release'
OS: 'Windows 11  (10.0.22000) 64bit CoreSingleLanguage' Language: 'es' Physical Memory: 6082 MB
BatchMode: 1, IsHumanControllingUs: 0, StartBugReporterOnCrash: 0, Is64bit: 1, IsPro: 1

COMMAND LINE ARGUMENTS:
C:\Program Files\Unity\Hub\Editor\2021.3.9f1\Editor\Unity.exe
-adb2
-batchMode
-noUpm
-name
AssetImportWorker14
-projectPath
C:/Users/camil/Documents/GitHub/ProyectoGreenForest
-logFile
Logs/AssetImportWorker14.log
-srvPort
62756
Successfully changed project path to: C:/Users/camil/Documents/GitHub/ProyectoGreenForest
C:/Users/camil/Documents/GitHub/ProyectoGreenForest
[UnityMemory] Configuration Parameters - Can be set up in boot.config
    "memorysetup-bucket-allocator-granularity=16"
    "memorysetup-bucket-allocator-bucket-count=8"
    "memorysetup-bucket-allocator-block-size=33554432"
    "memorysetup-bucket-allocator-block-count=8"
    "memorysetup-main-allocator-block-size=16777216"
    "memorysetup-thread-allocator-block-size=16777216"
    "memorysetup-gfx-main-allocator-block-size=16777216"
    "memorysetup-gfx-thread-allocator-block-size=16777216"
    "memorysetup-cache-allocator-block-size=4194304"
    "memorysetup-typetree-allocator-block-size=2097152"
    "memorysetup-profiler-bucket-allocator-granularity=16"
    "memorysetup-profiler-bucket-allocator-bucket-count=8"
    "memorysetup-profiler-bucket-allocator-block-size=33554432"
    "memorysetup-profiler-bucket-allocator-block-count=8"
    "memorysetup-profiler-allocator-block-size=16777216"
    "memorysetup-profiler-editor-allocator-block-size=1048576"
    "memorysetup-temp-allocator-size-main=16777216"
    "memorysetup-job-temp-allocator-block-size=2097152"
    "memorysetup-job-temp-allocator-block-size-background=1048576"
    "memorysetup-job-temp-allocator-reduction-small-platforms=262144"
    "memorysetup-temp-allocator-size-background-worker=32768"
    "memorysetup-temp-allocator-size-job-worker=262144"
    "memorysetup-temp-allocator-size-preload-manager=33554432"
    "memorysetup-temp-allocator-size-nav-mesh-worker=65536"
    "memorysetup-temp-allocator-size-audio-worker=65536"
    "memorysetup-temp-allocator-size-cloud-worker=32768"
    "memorysetup-temp-allocator-size-gi-baking-worker=262144"
    "memorysetup-temp-allocator-size-gfx=262144"
Refreshing native plugins compatible for Editor in 302.64 ms, found 4 plugins.
Preloading 0 native plugins for Editor in 0.00 ms.
Initialize engine version: 2021.3.9f1 (ad3870b89536)
[Subsystems] Discovering subsystems at path C:/Program Files/Unity/Hub/Editor/2021.3.9f1/Editor/Data/Resources/UnitySubsystems
[Subsystems] Discovering subsystems at path C:/Users/camil/Documents/GitHub/ProyectoGreenForest/Assets
GfxDevice: creating device client; threaded=0; jobified=0
Direct3D:
    Version:  Direct3D 11.0 [level 11.1]
    Renderer: AMD Radeon(TM) Vega 3 Graphics (ID=0x15d8)
    Vendor:   ATI
    VRAM:     3041 MB
    Driver:   27.20.11036.3
Initialize mono
Mono path[0] = 'C:/Program Files/Unity/Hub/Editor/2021.3.9f1/Editor/Data/Managed'
Mono path[1] = 'C:/Program Files/Unity/Hub/Editor/2021.3.9f1/Editor/Data/MonoBleedingEdge/lib/mono/unityjit-win32'
Mono config path = 'C:/Program Files/Unity/Hub/Editor/2021.3.9f1/Editor/Data/MonoBleedingEdge/etc'
Using monoOptions --debugger-agent=transport=dt_socket,embedding=1,server=y,suspend=n,address=127.0.0.1:56564
Begin MonoManager ReloadAssembly
Registering precompiled unity dll's ...
Register platform support module: C:/Program Files/Unity/Hub/Editor/2021.3.9f1/Editor/Data/PlaybackEngines/WebGLSupport/UnityEditor.WebGL.Extensions.dll
Register platform support module: C:/Program Files/Unity/Hub/Editor/2021.3.9f1/Editor/Data/PlaybackEngines/WindowsStandaloneSupport/UnityEditor.WindowsStandalone.Extensions.dll
Registered in 0.014834 seconds.
Native extension for WindowsStandalone target not found
Native extension for WebGL target not found
Refreshing native plugins compatible for Editor in 255.22 ms, found 4 plugins.
Preloading 0 native plugins for Editor in 0.00 ms.
Mono: successfully reloaded assembly
- Completed reload, in  1.664 seconds
Domain Reload Profiling:
	ReloadAssembly (1665ms)
		BeginReloadAssembly (275ms)
			ExecutionOrderSort (0ms)
			DisableScriptedObjects (0ms)
			BackupInstance (0ms)
			ReleaseScriptingObjects (0ms)
			CreateAndSetChildDomain (2ms)
		EndReloadAssembly (1088ms)
			LoadAssemblies (257ms)
			RebuildTransferFunctionScriptingTraits (0ms)
			SetupTypeCache (230ms)
			ReleaseScriptCaches (0ms)
			RebuildScriptCaches (63ms)
			SetupLoadedEditorAssemblies (666ms)
				LogAssemblyErrors (0ms)
				InitializePlatformSupportModulesInManaged (19ms)
				SetLoadedEditorAssemblies (1ms)
				RefreshPlugins (255ms)
				BeforeProcessingInitializeOnLoad (4ms)
				ProcessInitializeOnLoadAttributes (280ms)
				ProcessInitializeOnLoadMethodAttributes (106ms)
				AfterProcessingInitializeOnLoad (0ms)
				EditorAssembliesLoaded (0ms)
			ExecutionOrderSort2 (0ms)
			AwakeInstancesAfterBackupRestoration (0ms)
Platform modules already initialized, skipping
Registering precompiled user dll's ...
Registered in 0.036591 seconds.
Begin MonoManager ReloadAssembly
Symbol file LoadedFromMemory doesn't match image C:\Users\camil\Documents\GitHub\ProyectoGreenForest\Library\PackageCache\com.unity.visualscripting@1.7.8\Editor\VisualScripting.Core\Dependencies\YamlDotNet\Unity.VisualScripting.YamlDotNet.dll
Symbol file LoadedFromMemory doesn't match image C:\Users\camil\Documents\GitHub\ProyectoGreenForest\Library\PackageCache\com.unity.visualscripting@1.7.8\Editor\VisualScripting.Core\Dependencies\DotNetZip\Unity.VisualScripting.IonicZip.dll
Native extension for WindowsStandalone target not found
Native extension for WebGL target not found
Refreshing native plugins compatible for Editor in 273.60 ms, found 4 plugins.
Preloading 0 native plugins for Editor in 0.00 ms.
Mono: successfully reloaded assembly
- Completed reload, in  6.925 seconds
Domain Reload Profiling:
	ReloadAssembly (6928ms)
		BeginReloadAssembly (430ms)
			ExecutionOrderSort (0ms)
			DisableScriptedObjects (14ms)
			BackupInstance (0ms)
			ReleaseScriptingObjects (1ms)
			CreateAndSetChildDomain (75ms)
		EndReloadAssembly (5910ms)
			LoadAssemblies (2417ms)
			RebuildTransferFunctionScriptingTraits (0ms)
			SetupTypeCache (1072ms)
			ReleaseScriptCaches (3ms)
			RebuildScriptCaches (165ms)
			SetupLoadedEditorAssemblies (2106ms)
				LogAssemblyErrors (0ms)
				InitializePlatformSupportModulesInManaged (12ms)
				SetLoadedEditorAssemblies (0ms)
				RefreshPlugins (274ms)
				BeforeProcessingInitializeOnLoad (310ms)
				ProcessInitializeOnLoadAttributes (1063ms)
				ProcessInitializeOnLoadMethodAttributes (415ms)
				AfterProcessingInitializeOnLoad (31ms)
				EditorAssembliesLoaded (1ms)
			ExecutionOrderSort2 (0ms)
			AwakeInstancesAfterBackupRestoration (13ms)
Platform modules already initialized, skipping
========================================================================
Worker process is ready to serve import requests
Launched and connected shader compiler UnityShaderCompiler.exe after 0.36 seconds
Refreshing native plugins compatible for Editor in 2.95 ms, found 4 plugins.
Preloading 0 native plugins for Editor in 0.00 ms.
Unloading 5713 Unused Serialized files (Serialized files now loaded: 0)
Unloading 56 unused Assets / (0.8 MB). Loaded Objects now: 6164.
Memory consumption went from 222.7 MB to 221.9 MB.
Total: 12.199600 ms (FindLiveObjects: 1.174900 ms CreateObjectMapping: 0.576600 ms MarkObjects: 9.576700 ms  DeleteObjects: 0.867900 ms)

AssetImportParameters requested are different than current active one (requested -> active):
  custom:video-decoder-ogg-theora: a1e56fd34408186e4bbccfd4996cb3dc -> 
  custom:container-muxer-webm: aa71ff27fc2769a1b78a27578f13a17b -> 
  custom:container-demuxer-webm: 4f35f7cbe854078d1ac9338744f61a02 -> 
  custom:video-encoder-webm-vp8: eb34c28f22e8b96e1ab97ce403110664 -> 
  custom:video-codec-MediaFoundation-h265: 746d11721c4dcdbdad8f713fa42b33f4 -> 
  custom:audio-encoder-webm-vorbis: bf7c407c2cedff20999df2af8eb42d56 -> 
  custom:framework-win-MediaFoundation: 216162199b28c13a410421893ffa2e32 -> 
  custom:container-demuxer-ogg: 62fdf1f143b41e24485cea50d1cbac27 -> 
  custom:video-decoder-webm-vp8: 9c59270c3fd7afecdb556c50c9e8de78 -> 
  custom:audio-decoder-ogg-vorbis: bf7c407c2cedff20999df2af8eb42d56 -> 
========================================================================
Received Import Request.
  Time since last request: 78926.909021 seconds.
  path: Assets/Sprites/Enemies/wolf/wolfSheet.png
  artifactKey: Guid(65fe8c74ff98df344a60a47536df7a05) Importer(815301076,1909f56bfc062723c751e8b465ee728b)
Start importing Assets/Sprites/Enemies/wolf/wolfSheet.png using Guid(65fe8c74ff98df344a60a47536df7a05) Importer(815301076,1909f56bfc062723c751e8b465ee728b)  -> (artifact id: 'd9547c5638ac7f9e02e98c06cea1a78d') in 0.353747 seconds 
========================================================================
Received Import Request.
  Time since last request: 0.000075 seconds.
  path: Assets/Sprites/Enemies/wolf/wolfSheet2.png
  artifactKey: Guid(b2d41e24ca680864a9565b2ba0f6d071) Importer(815301076,1909f56bfc062723c751e8b465ee728b)
Start importing Assets/Sprites/Enemies/wolf/wolfSheet2.png using Guid(b2d41e24ca680864a9565b2ba0f6d071) Importer(815301076,1909f56bfc062723c751e8b465ee728b)  -> (artifact id: '1d91a5d4a632f6fb4a0a483ec44e9c6c') in 0.072969 seconds 
========================================================================
Received Import Request.
  Time since last request: 0.000102 seconds.
  path: Assets/Sprites/Enemies/wolf
  artifactKey: Guid(7fa9ea6aea5b72a49bbd311e358e02e4) Importer(815301076,1909f56bfc062723c751e8b465ee728b)
Start importing Assets/Sprites/Enemies/wolf using Guid(7fa9ea6aea5b72a49bbd311e358e02e4) Importer(815301076,1909f56bfc062723c751e8b465ee728b)  -> (artifact id: '0f29b665f33dc1710986a4face9e38da') in 0.018107 seconds 
========================================================================
Received Import Request.
  Time since last request: 20.458489 seconds.
  path: Assets/Sprites/Enemies/wolf/wolfSheet.png
  artifactKey: Guid(65fe8c74ff98df344a60a47536df7a05) Importer(815301076,1909f56bfc062723c751e8b465ee728b)
Start importing Assets/Sprites/Enemies/wolf/wolfSheet.png using Guid(65fe8c74ff98df344a60a47536df7a05) Importer(815301076,1909f56bfc062723c751e8b465ee728b)  -> (artifact id: '9fe88ee77631e46af2f727fdd65530a2') in 0.402237 seconds 
========================================================================
Received Import Request.
  Time since last request: 82.402101 seconds.
  path: Assets/Sprites/Enemies/wolf/wolfSheet.png
  artifactKey: Guid(65fe8c74ff98df344a60a47536df7a05) Importer(815301076,1909f56bfc062723c751e8b465ee728b)
Start importing Assets/Sprites/Enemies/wolf/wolfSheet.png using Guid(65fe8c74ff98df344a60a47536df7a05) Importer(815301076,1909f56bfc062723c751e8b465ee728b)  -> (artifact id: '31eded2a2ec1a822aa0df572395ed195') in 0.063825 seconds 
========================================================================
Received Import Request.
  Time since last request: 49.719425 seconds.
  path: Assets/Sprites/Enemies/wolf/wolfSheet.png
  artifactKey: Guid(65fe8c74ff98df344a60a47536df7a05) Importer(815301076,1909f56bfc062723c751e8b465ee728b)
Start importing Assets/Sprites/Enemies/wolf/wolfSheet.png using Guid(65fe8c74ff98df344a60a47536df7a05) Importer(815301076,1909f56bfc062723c751e8b465ee728b)  -> (artifact id: '5250fa3f5417269d492588a3c42f52bd') in 0.074950 seconds 
========================================================================
Received Import Request.
  Time since last request: 15.066123 seconds.
  path: Assets/Sprites/Enemies/wolf/wolfSheet.png
  artifactKey: Guid(65fe8c74ff98df344a60a47536df7a05) Importer(815301076,1909f56bfc062723c751e8b465ee728b)
Start importing Assets/Sprites/Enemies/wolf/wolfSheet.png using Guid(65fe8c74ff98df344a60a47536df7a05) Importer(815301076,1909f56bfc062723c751e8b465ee728b)  -> (artifact id: 'f9809825fff46a1da716dcc0f59eb11f') in 0.058066 seconds 
========================================================================
Received Import Request.
  Time since last request: 24.841966 seconds.
  path: Assets/Sprites/Enemies/wolf/wolfSheet.png
  artifactKey: Guid(65fe8c74ff98df344a60a47536df7a05) Importer(815301076,1909f56bfc062723c751e8b465ee728b)
Start importing Assets/Sprites/Enemies/wolf/wolfSheet.png using Guid(65fe8c74ff98df344a60a47536df7a05) Importer(815301076,1909f56bfc062723c751e8b465ee728b)  -> (artifact id: '9313b8f3d7de23c59801b59a75a406c9') in 0.078844 seconds 
========================================================================
Received Import Request.
  Time since last request: 13.876644 seconds.
  path: Assets/Sprites/Enemies/wolf/wolfSheet.png
  artifactKey: Guid(65fe8c74ff98df344a60a47536df7a05) Importer(815301076,1909f56bfc062723c751e8b465ee728b)
Start importing Assets/Sprites/Enemies/wolf/wolfSheet.png using Guid(65fe8c74ff98df344a60a47536df7a05) Importer(815301076,1909f56bfc062723c751e8b465ee728b)  -> (artifact id: 'a76771db28737e581d4d27b111814642') in 0.087692 seconds 
========================================================================
Received Import Request.
  Time since last request: 30.870608 seconds.
  path: Assets/Sprites/Enemies/wolf/wolfSheet.png
  artifactKey: Guid(65fe8c74ff98df344a60a47536df7a05) Importer(815301076,1909f56bfc062723c751e8b465ee728b)
Start importing Assets/Sprites/Enemies/wolf/wolfSheet.png using Guid(65fe8c74ff98df344a60a47536df7a05) Importer(815301076,1909f56bfc062723c751e8b465ee728b)  -> (artifact id: '48fc2e82928126072c1071218c5bd837') in 0.095558 seconds 
========================================================================
Received Import Request.
  Time since last request: 19.659706 seconds.
  path: Assets/Sprites/Enemies/wolf/wolfSheet.png
  artifactKey: Guid(65fe8c74ff98df344a60a47536df7a05) Importer(815301076,1909f56bfc062723c751e8b465ee728b)
Start importing Assets/Sprites/Enemies/wolf/wolfSheet.png using Guid(65fe8c74ff98df344a60a47536df7a05) Importer(815301076,1909f56bfc062723c751e8b465ee728b)  -> (artifact id: '239bed225803bc2334a0ce61afd02f2b') in 0.097279 seconds 
========================================================================
Received Import Request.
  Time since last request: 26.430180 seconds.
  path: Assets/Sprites/Enemies/wolf/wolfSheet.png
  artifactKey: Guid(65fe8c74ff98df344a60a47536df7a05) Importer(815301076,1909f56bfc062723c751e8b465ee728b)
Start importing Assets/Sprites/Enemies/wolf/wolfSheet.png using Guid(65fe8c74ff98df344a60a47536df7a05) Importer(815301076,1909f56bfc062723c751e8b465ee728b)  -> (artifact id: '38cc438bab8f09f3f2e4cad5a40f1f27') in 0.092509 seconds 
========================================================================
Received Import Request.
  Time since last request: 20.894153 seconds.
  path: Assets/Sprites/Enemies/wolf/wolfSheet.png
  artifactKey: Guid(65fe8c74ff98df344a60a47536df7a05) Importer(815301076,1909f56bfc062723c751e8b465ee728b)
Start importing Assets/Sprites/Enemies/wolf/wolfSheet.png using Guid(65fe8c74ff98df344a60a47536df7a05) Importer(815301076,1909f56bfc062723c751e8b465ee728b)  -> (artifact id: 'a9eb791223ba8cd7685ba427e3f3b87e') in 0.118241 seconds 
========================================================================
Received Import Request.
  Time since last request: 80.615262 seconds.
  path: Assets/Sprites/Enemies/wolf/wolfSheet.png
  artifactKey: Guid(65fe8c74ff98df344a60a47536df7a05) Importer(815301076,1909f56bfc062723c751e8b465ee728b)
Start importing Assets/Sprites/Enemies/wolf/wolfSheet.png using Guid(65fe8c74ff98df344a60a47536df7a05) Importer(815301076,1909f56bfc062723c751e8b465ee728b)  -> (artifact id: '724e1a767073b556c257db84b5a30b78') in 0.117755 seconds 
========================================================================
Received Import Request.
  Time since last request: 20.826184 seconds.
  path: Assets/Sprites/Enemies/wolf/wolfSheet.png
  artifactKey: Guid(65fe8c74ff98df344a60a47536df7a05) Importer(815301076,1909f56bfc062723c751e8b465ee728b)
Start importing Assets/Sprites/Enemies/wolf/wolfSheet.png using Guid(65fe8c74ff98df344a60a47536df7a05) Importer(815301076,1909f56bfc062723c751e8b465ee728b)  -> (artifact id: '1e41af6df90a25f86da52ffff8eb55c1') in 0.141442 seconds 
========================================================================
Received Import Request.
  Time since last request: 26.444889 seconds.
  path: Assets/Sprites/Enemies/wolf/wolfSheet.png
  artifactKey: Guid(65fe8c74ff98df344a60a47536df7a05) Importer(815301076,1909f56bfc062723c751e8b465ee728b)
Start importing Assets/Sprites/Enemies/wolf/wolfSheet.png using Guid(65fe8c74ff98df344a60a47536df7a05) Importer(815301076,1909f56bfc062723c751e8b465ee728b)  -> (artifact id: 'abc6017381ed365539d057a09c0e9691') in 0.133580 seconds 
========================================================================
Received Import Request.
  Time since last request: 37.937387 seconds.
  path: Assets/Animations
  artifactKey: Guid(64f310ea1822c1e418e7139f047e3eef) Importer(815301076,1909f56bfc062723c751e8b465ee728b)
Start importing Assets/Animations using Guid(64f310ea1822c1e418e7139f047e3eef) Importer(815301076,1909f56bfc062723c751e8b465ee728b)  -> (artifact id: '39434fa0b17c512518e8c978dda0c5be') in 0.024622 seconds 
========================================================================
Received Import Request.
  Time since last request: 2.862551 seconds.
  path: Assets/Animations/Slime
  artifactKey: Guid(eaf1cb2b7d4c6334a96d20c419edab92) Importer(815301076,1909f56bfc062723c751e8b465ee728b)
Start importing Assets/Animations/Slime using Guid(eaf1cb2b7d4c6334a96d20c419edab92) Importer(815301076,1909f56bfc062723c751e8b465ee728b)  -> (artifact id: 'b5cbca4e13a2a70a324cdc4b3e90f4ad') in 0.183761 seconds 
========================================================================
Received Prepare
Registering precompiled user dll's ...
Registered in 0.030302 seconds.
Begin MonoManager ReloadAssembly
Symbol file LoadedFromMemory doesn't match image C:\Users\camil\Documents\GitHub\ProyectoGreenForest\Library\PackageCache\com.unity.visualscripting@1.7.8\Editor\VisualScripting.Core\Dependencies\YamlDotNet\Unity.VisualScripting.YamlDotNet.dll
Symbol file LoadedFromMemory doesn't match image C:\Users\camil\Documents\GitHub\ProyectoGreenForest\Library\PackageCache\com.unity.visualscripting@1.7.8\Editor\VisualScripting.Core\Dependencies\DotNetZip\Unity.VisualScripting.IonicZip.dll
Native extension for WindowsStandalone target not found
Native extension for WebGL target not found
Refreshing native plugins compatible for Editor in 4.40 ms, found 4 plugins.
Preloading 0 native plugins for Editor in 0.00 ms.
Mono: successfully reloaded assembly
- Completed reload, in  4.754 seconds
Domain Reload Profiling:
	ReloadAssembly (4756ms)
		BeginReloadAssembly (630ms)
			ExecutionOrderSort (0ms)
			DisableScriptedObjects (23ms)
			BackupInstance (0ms)
			ReleaseScriptingObjects (1ms)
			CreateAndSetChildDomain (156ms)
		EndReloadAssembly (3720ms)
			LoadAssemblies (489ms)
			RebuildTransferFunctionScriptingTraits (0ms)
			SetupTypeCache (992ms)
			ReleaseScriptCaches (7ms)
			RebuildScriptCaches (203ms)
			SetupLoadedEditorAssemblies (1852ms)
				LogAssemblyErrors (0ms)
				InitializePlatformSupportModulesInManaged (48ms)
				SetLoadedEditorAssemblies (1ms)
				RefreshPlugins (5ms)
				BeforeProcessingInitializeOnLoad (376ms)
				ProcessInitializeOnLoadAttributes (1053ms)
				ProcessInitializeOnLoadMethodAttributes (325ms)
				AfterProcessingInitializeOnLoad (43ms)
				EditorAssembliesLoaded (1ms)
			ExecutionOrderSort2 (0ms)
			AwakeInstancesAfterBackupRestoration (31ms)
Platform modules already initialized, skipping
Refreshing native plugins compatible for Editor in 15.00 ms, found 4 plugins.
Preloading 0 native plugins for Editor in 0.00 ms.
Unloading 5569 Unused Serialized files (Serialized files now loaded: 0)
Unloading 31 unused Assets / (0.7 MB). Loaded Objects now: 6200.
Memory consumption went from 216.6 MB to 215.9 MB.
Total: 14.456400 ms (FindLiveObjects: 1.782400 ms CreateObjectMapping: 1.706600 ms MarkObjects: 9.703900 ms  DeleteObjects: 1.260600 ms)

AssetImportParameters requested are different than current active one (requested -> active):
  custom:video-decoder-ogg-theora: a1e56fd34408186e4bbccfd4996cb3dc -> 
  custom:container-muxer-webm: aa71ff27fc2769a1b78a27578f13a17b -> 
  custom:container-demuxer-webm: 4f35f7cbe854078d1ac9338744f61a02 -> 
  custom:video-encoder-webm-vp8: eb34c28f22e8b96e1ab97ce403110664 -> 
  custom:video-codec-MediaFoundation-h265: 746d11721c4dcdbdad8f713fa42b33f4 -> 
  custom:audio-encoder-webm-vorbis: bf7c407c2cedff20999df2af8eb42d56 -> 
  custom:framework-win-MediaFoundation: 216162199b28c13a410421893ffa2e32 -> 
  custom:container-demuxer-ogg: 62fdf1f143b41e24485cea50d1cbac27 -> 
  custom:video-decoder-webm-vp8: 9c59270c3fd7afecdb556c50c9e8de78 -> 
  custom:audio-decoder-ogg-vorbis: bf7c407c2cedff20999df2af8eb42d56 -> 
========================================================================
Received Import Request.
  Time since last request: 301.254470 seconds.
  path: Assets/Animations/Perro 1.controller
  artifactKey: Guid(84da00100238e5c49b14c154ab27d8d9) Importer(815301076,1909f56bfc062723c751e8b465ee728b)
Start importing Assets/Animations/Perro 1.controller using Guid(84da00100238e5c49b14c154ab27d8d9) Importer(815301076,1909f56bfc062723c751e8b465ee728b)  -> (artifact id: '3cffff48f003950c164c1f78851c4baa') in 0.126396 seconds 
========================================================================
Received Import Request.
  Time since last request: 1.391564 seconds.
  path: Assets/Animations/Perro.anim
  artifactKey: Guid(a5695fc482f09bf4391e83940bac9191) Importer(815301076,1909f56bfc062723c751e8b465ee728b)
Start importing Assets/Animations/Perro.anim using Guid(a5695fc482f09bf4391e83940bac9191) Importer(815301076,1909f56bfc062723c751e8b465ee728b)  -> (artifact id: '2e712fac26ba0265da313dc19780cdef') in 0.023903 seconds 
========================================================================
Received Import Request.
  Time since last request: 42.562232 seconds.
  path: Assets/Animations/Perro_walk.controller
  artifactKey: Guid(84da00100238e5c49b14c154ab27d8d9) Importer(815301076,1909f56bfc062723c751e8b465ee728b)
Start importing Assets/Animations/Perro_walk.controller using Guid(84da00100238e5c49b14c154ab27d8d9) Importer(815301076,1909f56bfc062723c751e8b465ee728b)  -> (artifact id: 'd39386a2155c661684287c020d4030a6') in 0.020438 seconds 
========================================================================
Received Import Request.
  Time since last request: 12.425899 seconds.
  path: Assets/Animations/walk.controller
  artifactKey: Guid(84da00100238e5c49b14c154ab27d8d9) Importer(815301076,1909f56bfc062723c751e8b465ee728b)
Start importing Assets/Animations/walk.controller using Guid(84da00100238e5c49b14c154ab27d8d9) Importer(815301076,1909f56bfc062723c751e8b465ee728b)  -> (artifact id: '6891ae9a5090e8887f9ca81819f01e42') in 0.020099 seconds 
========================================================================
Received Import Request.
  Time since last request: 20.836030 seconds.
  path: Assets/Animations/Perro
  artifactKey: Guid(7f728b8609b688a47bbbb3c8b429795e) Importer(815301076,1909f56bfc062723c751e8b465ee728b)
Start importing Assets/Animations/Perro using Guid(7f728b8609b688a47bbbb3c8b429795e) Importer(815301076,1909f56bfc062723c751e8b465ee728b)  -> (artifact id: '2e0771ad3ec025231533bdc9cffb96e4') in 0.015670 seconds 
========================================================================
Received Import Request.
  Time since last request: 20.609453 seconds.
  path: Assets/Animations/Perro/Pr.controller
  artifactKey: Guid(84da00100238e5c49b14c154ab27d8d9) Importer(815301076,1909f56bfc062723c751e8b465ee728b)
Start importing Assets/Animations/Perro/Pr.controller using Guid(84da00100238e5c49b14c154ab27d8d9) Importer(815301076,1909f56bfc062723c751e8b465ee728b)  -> (artifact id: '0591e67311d96d8fc54590aa598c9186') in 0.020396 seconds 
========================================================================
Received Import Request.
  Time since last request: 4.144735 seconds.
  path: Assets/Animations/Perro/walk.anim
  artifactKey: Guid(a5695fc482f09bf4391e83940bac9191) Importer(815301076,1909f56bfc062723c751e8b465ee728b)
Start importing Assets/Animations/Perro/walk.anim using Guid(a5695fc482f09bf4391e83940bac9191) Importer(815301076,1909f56bfc062723c751e8b465ee728b)  -> (artifact id: '2a2e192814448b17212648659b4134e5') in 0.011500 seconds 
========================================================================
Received Import Request.
  Time since last request: 3.503502 seconds.
  path: Assets/Animations/Perro/Perro.controller
  artifactKey: Guid(84da00100238e5c49b14c154ab27d8d9) Importer(815301076,1909f56bfc062723c751e8b465ee728b)
Start importing Assets/Animations/Perro/Perro.controller using Guid(84da00100238e5c49b14c154ab27d8d9) Importer(815301076,1909f56bfc062723c751e8b465ee728b)  -> (artifact id: 'ae87749e9c62bce6ba0333da788de6ad') in 0.011581 seconds 
========================================================================
Received Import Request.
  Time since last request: 54.227865 seconds.
  path: Assets/Animations/Perro/attack.anim
  artifactKey: Guid(bc6b41e0c8152a84da12c702397c802c) Importer(815301076,1909f56bfc062723c751e8b465ee728b)
Start importing Assets/Animations/Perro/attack.anim using Guid(bc6b41e0c8152a84da12c702397c802c) Importer(815301076,1909f56bfc062723c751e8b465ee728b)  -> (artifact id: '76eb469c37d3fbfc9bcd1deb77d20567') in 0.024541 seconds 
========================================================================
Received Import Request.
  Time since last request: 172.001949 seconds.
  path: Assets/Sprites/Enemies/wolf/wolfSheet.png
  artifactKey: Guid(65fe8c74ff98df344a60a47536df7a05) Importer(815301076,1909f56bfc062723c751e8b465ee728b)
Start importing Assets/Sprites/Enemies/wolf/wolfSheet.png using Guid(65fe8c74ff98df344a60a47536df7a05) Importer(815301076,1909f56bfc062723c751e8b465ee728b)  -> (artifact id: 'bab02997a4375c808c65c9a2d7af7507') in 0.265022 seconds 
