Using pre-set license
Built from '2021.3/staging' branch; Version is '2021.3.9f1 (ad3870b89536) revision 11352176'; Using compiler version '192829333'; Build Type 'Release'
OS: 'Windows 11  (10.0.22000) 64bit Professional' Language: 'es' Physical Memory: 32692 MB
BatchMode: 1, IsHumanControllingUs: 0, StartBugReporterOnCrash: 0, Is64bit: 1, IsPro: 1

COMMAND LINE ARGUMENTS:
C:\Program Files\Unity\Hub\Editor\2021.3.9f1\Editor\Unity.exe
-adb2
-batchMode
-noUpm
-name
AssetImportWorker5
-projectPath
C:/Users/ExtremeTech/Desktop/The Green Forest Game/Repositorio/ProyectoJuegos-GreenForest/ProyectoGreenForest
-logFile
Logs/AssetImportWorker5.log
-srvPort
1281
Successfully changed project path to: C:/Users/ExtremeTech/Desktop/The Green Forest Game/Repositorio/ProyectoJuegos-GreenForest/ProyectoGreenForest
C:/Users/ExtremeTech/Desktop/The Green Forest Game/Repositorio/ProyectoJuegos-GreenForest/ProyectoGreenForest
[UnityMemory] Configuration Parameters - Can be set up in boot.config
    "memorysetup-bucket-allocator-granularity=16"
    "memorysetup-bucket-allocator-bucket-count=8"
    "memorysetup-bucket-allocator-block-size=33554432"
    "memorysetup-bucket-allocator-block-count=8"
    "memorysetup-main-allocator-block-size=16777216"
    "memorysetup-thread-allocator-block-size=16777216"
    "memorysetup-gfx-main-allocator-block-size=16777216"
    "memorysetup-gfx-thread-allocator-block-size=16777216"
    "memorysetup-cache-allocator-block-size=4194304"
    "memorysetup-typetree-allocator-block-size=2097152"
    "memorysetup-profiler-bucket-allocator-granularity=16"
    "memorysetup-profiler-bucket-allocator-bucket-count=8"
    "memorysetup-profiler-bucket-allocator-block-size=33554432"
    "memorysetup-profiler-bucket-allocator-block-count=8"
    "memorysetup-profiler-allocator-block-size=16777216"
    "memorysetup-profiler-editor-allocator-block-size=1048576"
    "memorysetup-temp-allocator-size-main=16777216"
    "memorysetup-job-temp-allocator-block-size=2097152"
    "memorysetup-job-temp-allocator-block-size-background=1048576"
    "memorysetup-job-temp-allocator-reduction-small-platforms=262144"
    "memorysetup-temp-allocator-size-background-worker=32768"
    "memorysetup-temp-allocator-size-job-worker=262144"
    "memorysetup-temp-allocator-size-preload-manager=33554432"
    "memorysetup-temp-allocator-size-nav-mesh-worker=65536"
    "memorysetup-temp-allocator-size-audio-worker=65536"
    "memorysetup-temp-allocator-size-cloud-worker=32768"
    "memorysetup-temp-allocator-size-gi-baking-worker=262144"
    "memorysetup-temp-allocator-size-gfx=262144"
Refreshing native plugins compatible for Editor in 186.96 ms, found 4 plugins.
Preloading 0 native plugins for Editor in 0.00 ms.
Initialize engine version: 2021.3.9f1 (ad3870b89536)
[Subsystems] Discovering subsystems at path C:/Program Files/Unity/Hub/Editor/2021.3.9f1/Editor/Data/Resources/UnitySubsystems
[Subsystems] Discovering subsystems at path C:/Users/ExtremeTech/Desktop/The Green Forest Game/Repositorio/ProyectoJuegos-GreenForest/ProyectoGreenForest/Assets
GfxDevice: creating device client; threaded=0; jobified=0
Direct3D:
    Version:  Direct3D 11.0 [level 11.1]
    Renderer: NVIDIA GeForce GTX 1070 Ti (ID=0x1b82)
    Vendor:   NVIDIA
    VRAM:     8079 MB
    Driver:   31.0.15.1748
Initialize mono
Mono path[0] = 'C:/Program Files/Unity/Hub/Editor/2021.3.9f1/Editor/Data/Managed'
Mono path[1] = 'C:/Program Files/Unity/Hub/Editor/2021.3.9f1/Editor/Data/MonoBleedingEdge/lib/mono/unityjit-win32'
Mono config path = 'C:/Program Files/Unity/Hub/Editor/2021.3.9f1/Editor/Data/MonoBleedingEdge/etc'
Using monoOptions --debugger-agent=transport=dt_socket,embedding=1,server=y,suspend=n,address=127.0.0.1:56944
Begin MonoManager ReloadAssembly
Registering precompiled unity dll's ...
Register platform support module: C:/Program Files/Unity/Hub/Editor/2021.3.9f1/Editor/Data/PlaybackEngines/WebGLSupport/UnityEditor.WebGL.Extensions.dll
Register platform support module: C:/Program Files/Unity/Hub/Editor/2021.3.9f1/Editor/Data/PlaybackEngines/WindowsStandaloneSupport/UnityEditor.WindowsStandalone.Extensions.dll
Registered in 0.018374 seconds.
Native extension for WindowsStandalone target not found
Native extension for WebGL target not found
Refreshing native plugins compatible for Editor in 164.85 ms, found 4 plugins.
Preloading 0 native plugins for Editor in 0.00 ms.
Mono: successfully reloaded assembly
- Completed reload, in  1.590 seconds
Domain Reload Profiling:
	ReloadAssembly (1590ms)
		BeginReloadAssembly (150ms)
			ExecutionOrderSort (0ms)
			DisableScriptedObjects (0ms)
			BackupInstance (0ms)
			ReleaseScriptingObjects (0ms)
			CreateAndSetChildDomain (1ms)
		EndReloadAssembly (1181ms)
			LoadAssemblies (149ms)
			RebuildTransferFunctionScriptingTraits (0ms)
			SetupTypeCache (185ms)
			ReleaseScriptCaches (0ms)
			RebuildScriptCaches (43ms)
			SetupLoadedEditorAssemblies (871ms)
				LogAssemblyErrors (0ms)
				InitializePlatformSupportModulesInManaged (12ms)
				SetLoadedEditorAssemblies (0ms)
				RefreshPlugins (165ms)
				BeforeProcessingInitializeOnLoad (3ms)
				ProcessInitializeOnLoadAttributes (618ms)
				ProcessInitializeOnLoadMethodAttributes (73ms)
				AfterProcessingInitializeOnLoad (0ms)
				EditorAssembliesLoaded (0ms)
			ExecutionOrderSort2 (0ms)
			AwakeInstancesAfterBackupRestoration (0ms)
Platform modules already initialized, skipping
Registering precompiled user dll's ...
Registered in 0.015869 seconds.
Begin MonoManager ReloadAssembly
Symbol file LoadedFromMemory doesn't match image C:\Users\ExtremeTech\Desktop\The Green Forest Game\Repositorio\ProyectoJuegos-GreenForest\ProyectoGreenForest\Library\PackageCache\com.unity.visualscripting@1.7.8\Editor\VisualScripting.Core\Dependencies\YamlDotNet\Unity.VisualScripting.YamlDotNet.dll
Symbol file LoadedFromMemory doesn't match image C:\Users\ExtremeTech\Desktop\The Green Forest Game\Repositorio\ProyectoJuegos-GreenForest\ProyectoGreenForest\Library\PackageCache\com.unity.visualscripting@1.7.8\Editor\VisualScripting.Core\Dependencies\DotNetZip\Unity.VisualScripting.IonicZip.dll
Native extension for WindowsStandalone target not found
Native extension for WebGL target not found
Refreshing native plugins compatible for Editor in 151.69 ms, found 4 plugins.
Preloading 0 native plugins for Editor in 0.00 ms.
Mono: successfully reloaded assembly
- Completed reload, in  3.449 seconds
Domain Reload Profiling:
	ReloadAssembly (3450ms)
		BeginReloadAssembly (148ms)
			ExecutionOrderSort (0ms)
			DisableScriptedObjects (10ms)
			BackupInstance (0ms)
			ReleaseScriptingObjects (0ms)
			CreateAndSetChildDomain (24ms)
		EndReloadAssembly (2997ms)
			LoadAssemblies (1579ms)
			RebuildTransferFunctionScriptingTraits (0ms)
			SetupTypeCache (377ms)
			ReleaseScriptCaches (1ms)
			RebuildScriptCaches (92ms)
			SetupLoadedEditorAssemblies (876ms)
				LogAssemblyErrors (0ms)
				InitializePlatformSupportModulesInManaged (8ms)
				SetLoadedEditorAssemblies (0ms)
				RefreshPlugins (152ms)
				BeforeProcessingInitializeOnLoad (180ms)
				ProcessInitializeOnLoadAttributes (385ms)
				ProcessInitializeOnLoadMethodAttributes (139ms)
				AfterProcessingInitializeOnLoad (11ms)
				EditorAssembliesLoaded (0ms)
			ExecutionOrderSort2 (0ms)
			AwakeInstancesAfterBackupRestoration (8ms)
Platform modules already initialized, skipping
========================================================================
Worker process is ready to serve import requests
Launched and connected shader compiler UnityShaderCompiler.exe after 0.18 seconds
Refreshing native plugins compatible for Editor in 0.87 ms, found 4 plugins.
Preloading 0 native plugins for Editor in 0.00 ms.
Unloading 5548 Unused Serialized files (Serialized files now loaded: 0)
Unloading 43 unused Assets / (0.7 MB). Loaded Objects now: 5999.
Memory consumption went from 218.8 MB to 218.1 MB.
Total: 5.901300 ms (FindLiveObjects: 1.986700 ms CreateObjectMapping: 0.699900 ms MarkObjects: 2.921900 ms  DeleteObjects: 0.291600 ms)

AssetImportParameters requested are different than current active one (requested -> active):
  custom:video-decoder-ogg-theora: a1e56fd34408186e4bbccfd4996cb3dc -> 
  custom:container-muxer-webm: aa71ff27fc2769a1b78a27578f13a17b -> 
  custom:container-demuxer-webm: 4f35f7cbe854078d1ac9338744f61a02 -> 
  custom:video-encoder-webm-vp8: eb34c28f22e8b96e1ab97ce403110664 -> 
  custom:audio-encoder-webm-vorbis: bf7c407c2cedff20999df2af8eb42d56 -> 
  custom:framework-win-MediaFoundation: 216162199b28c13a410421893ffa2e32 -> 
  custom:container-demuxer-ogg: 62fdf1f143b41e24485cea50d1cbac27 -> 
  custom:video-decoder-webm-vp8: 9c59270c3fd7afecdb556c50c9e8de78 -> 
  custom:audio-decoder-ogg-vorbis: bf7c407c2cedff20999df2af8eb42d56 -> 
========================================================================
Received Import Request.
  Time since last request: 374014.564785 seconds.
  path: Assets/Scenes/GameMenu.unity
  artifactKey: Guid(88d66cc4b12ad324c91c2e66cf611c16) Importer(815301076,1909f56bfc062723c751e8b465ee728b)
Start importing Assets/Scenes/GameMenu.unity using Guid(88d66cc4b12ad324c91c2e66cf611c16) Importer(815301076,1909f56bfc062723c751e8b465ee728b)  -> (artifact id: '5778cca9aee5200b0e8dfe2bc4d61c14') in 0.019204 seconds 
========================================================================
Received Import Request.
  Time since last request: 0.000070 seconds.
  path: Assets/Scripts/GameOverController.cs
  artifactKey: Guid(72a92df085cd1644caa6071d0fc3c84c) Importer(815301076,1909f56bfc062723c751e8b465ee728b)
Start importing Assets/Scripts/GameOverController.cs using Guid(72a92df085cd1644caa6071d0fc3c84c) Importer(815301076,1909f56bfc062723c751e8b465ee728b)  -> (artifact id: '6f9152166d881dbed38a9518375b4d49') in 0.050117 seconds 
========================================================================
Received Import Request.
  Time since last request: 0.000024 seconds.
  path: Assets/Scenes/CentralForest.unity
  artifactKey: Guid(c7f1db2e91505f042999ca0b6d865ec3) Importer(815301076,1909f56bfc062723c751e8b465ee728b)
Start importing Assets/Scenes/CentralForest.unity using Guid(c7f1db2e91505f042999ca0b6d865ec3) Importer(815301076,1909f56bfc062723c751e8b465ee728b)  -> (artifact id: 'acb09b76829bb41133894886090b0fce') in 0.010809 seconds 
========================================================================
Received Import Request.
  Time since last request: 0.000024 seconds.
  path: Assets/Scenes/DeepForest.unity
  artifactKey: Guid(98e260218e911ab4c8ddf708922f0bef) Importer(815301076,1909f56bfc062723c751e8b465ee728b)
Start importing Assets/Scenes/DeepForest.unity using Guid(98e260218e911ab4c8ddf708922f0bef) Importer(815301076,1909f56bfc062723c751e8b465ee728b)  -> (artifact id: 'e674fd49f7301e28c2771ee740e8662a') in 0.006861 seconds 
========================================================================
Received Import Request.
  Time since last request: 0.000024 seconds.
  path: Assets/Scenes/GameStart.unity
  artifactKey: Guid(8c9cfa26abfee488c85f1582747f6a02) Importer(815301076,1909f56bfc062723c751e8b465ee728b)
Start importing Assets/Scenes/GameStart.unity using Guid(8c9cfa26abfee488c85f1582747f6a02) Importer(815301076,1909f56bfc062723c751e8b465ee728b)  -> (artifact id: '4702691a00224144210133878d9f490d') in 0.006681 seconds 
========================================================================
Received Import Request.
  Time since last request: 0.000023 seconds.
  path: Assets/Scenes/GreenForest.unity
  artifactKey: Guid(a89b1353b7acfc942b4380227f3d8bbc) Importer(815301076,1909f56bfc062723c751e8b465ee728b)
Start importing Assets/Scenes/GreenForest.unity using Guid(a89b1353b7acfc942b4380227f3d8bbc) Importer(815301076,1909f56bfc062723c751e8b465ee728b)  -> (artifact id: '99c40d659271b852a7ac8adc1051f338') in 0.005859 seconds 
========================================================================
Received Import Request.
  Time since last request: 0.000027 seconds.
  path: Assets/Scripts/GameStartController.cs
  artifactKey: Guid(3d41e7ba942cc364686568848407e0a8) Importer(815301076,1909f56bfc062723c751e8b465ee728b)
Start importing Assets/Scripts/GameStartController.cs using Guid(3d41e7ba942cc364686568848407e0a8) Importer(815301076,1909f56bfc062723c751e8b465ee728b)  -> (artifact id: '7c0c8a8bf64f0ded7bed1cdd11742d82') in 0.006920 seconds 
========================================================================
Received Import Request.
  Time since last request: 0.000031 seconds.
  path: Assets/Scenes/GameOver.unity
  artifactKey: Guid(055959421905b104a8b79d8a34ec20f6) Importer(815301076,1909f56bfc062723c751e8b465ee728b)
Start importing Assets/Scenes/GameOver.unity using Guid(055959421905b104a8b79d8a34ec20f6) Importer(815301076,1909f56bfc062723c751e8b465ee728b)  -> (artifact id: '7f2c5fd1978acc7f086d53f628b9dfbf') in 0.006151 seconds 
========================================================================
Received Import Request.
  Time since last request: 8464.927378 seconds.
  path: Assets/Scenes/CentralForest.unity
  artifactKey: Guid(c7f1db2e91505f042999ca0b6d865ec3) Importer(815301076,1909f56bfc062723c751e8b465ee728b)
Start importing Assets/Scenes/CentralForest.unity using Guid(c7f1db2e91505f042999ca0b6d865ec3) Importer(815301076,1909f56bfc062723c751e8b465ee728b)  -> (artifact id: 'af4040925d64257f593ca4207d4fe874') in 0.008351 seconds 
========================================================================
Received Import Request.
  Time since last request: 163.844438 seconds.
  path: Assets/Sprites/CustomText/NewGame.png
  artifactKey: Guid(620ab3373cb95c240aa43292a86aadf0) Importer(815301076,1909f56bfc062723c751e8b465ee728b)
Start importing Assets/Sprites/CustomText/NewGame.png using Guid(620ab3373cb95c240aa43292a86aadf0) Importer(815301076,1909f56bfc062723c751e8b465ee728b)  -> (artifact id: 'cc8f586c6b9c524f69782fa469664ea7') in 0.344518 seconds 
========================================================================
Received Import Request.
  Time since last request: 1.179777 seconds.
  path: Assets/Sprites/CustomText/LoadGame.png
  artifactKey: Guid(e553441f5932b1a4b8c692db7529c7a4) Importer(815301076,1909f56bfc062723c751e8b465ee728b)
Start importing Assets/Sprites/CustomText/LoadGame.png using Guid(e553441f5932b1a4b8c692db7529c7a4) Importer(815301076,1909f56bfc062723c751e8b465ee728b)  -> (artifact id: '864d4f223e9daaa4a6554aa1bfbf6564') in 0.048951 seconds 
========================================================================
Received Import Request.
  Time since last request: 6.784851 seconds.
  path: Assets/Sprites/Levels/bg-layer-3-full-alpha.png
  artifactKey: Guid(f84655abf01eecb47b35131e8ff45add) Importer(815301076,1909f56bfc062723c751e8b465ee728b)
Start importing Assets/Sprites/Levels/bg-layer-3-full-alpha.png using Guid(f84655abf01eecb47b35131e8ff45add) Importer(815301076,1909f56bfc062723c751e8b465ee728b)  -> (artifact id: 'a512e4f621359fe75d7061db0db4ec37') in 0.075257 seconds 
========================================================================
Received Import Request.
  Time since last request: 1.619630 seconds.
  path: Assets/Sprites/Levels/bg-layer-4-full.png
  artifactKey: Guid(7ed62d6642bdc8a4fa802b357dc27cd1) Importer(815301076,1909f56bfc062723c751e8b465ee728b)
Start importing Assets/Sprites/Levels/bg-layer-4-full.png using Guid(7ed62d6642bdc8a4fa802b357dc27cd1) Importer(815301076,1909f56bfc062723c751e8b465ee728b)  -> (artifact id: 'f3346ee3700c71c57430ab63b79d590a') in 0.030056 seconds 
========================================================================
Received Import Request.
  Time since last request: 1.416463 seconds.
  path: Assets/Sprites/Levels/bg-layer-2-full-alpha.png
  artifactKey: Guid(97662d287fa43134ab2543b95ab59472) Importer(815301076,1909f56bfc062723c751e8b465ee728b)
Start importing Assets/Sprites/Levels/bg-layer-2-full-alpha.png using Guid(97662d287fa43134ab2543b95ab59472) Importer(815301076,1909f56bfc062723c751e8b465ee728b)  -> (artifact id: '71ce4adc6c4a3698ca4e31d44ec438ba') in 0.103023 seconds 
========================================================================
Received Import Request.
  Time since last request: 2.790526 seconds.
  path: Assets/Sprites/Levels/sheet.png
  artifactKey: Guid(65c718bbabb9d5a4792364e6175750c1) Importer(815301076,1909f56bfc062723c751e8b465ee728b)
Start importing Assets/Sprites/Levels/sheet.png using Guid(65c718bbabb9d5a4792364e6175750c1) Importer(815301076,1909f56bfc062723c751e8b465ee728b)  -> (artifact id: 'd2a53aca9948c29116ccaaa764ad8732') in 0.041515 seconds 
========================================================================
Received Import Request.
  Time since last request: 1.901383 seconds.
  path: Assets/Sprites/Levels/menuBackground.jpg
  artifactKey: Guid(0a2dcc9052b9f1342b29b26e39818138) Importer(815301076,1909f56bfc062723c751e8b465ee728b)
Start importing Assets/Sprites/Levels/menuBackground.jpg using Guid(0a2dcc9052b9f1342b29b26e39818138) Importer(815301076,1909f56bfc062723c751e8b465ee728b)  -> (artifact id: 'c23dee208b11206a59ef2291e0d5811d') in 0.079858 seconds 
========================================================================
Received Import Request.
  Time since last request: 1.806790 seconds.
  path: Assets/Sprites/Levels/fgtiles-alpha.png
  artifactKey: Guid(2033757eab4bee64f83f608ee1fb6e4a) Importer(815301076,1909f56bfc062723c751e8b465ee728b)
Start importing Assets/Sprites/Levels/fgtiles-alpha.png using Guid(2033757eab4bee64f83f608ee1fb6e4a) Importer(815301076,1909f56bfc062723c751e8b465ee728b)  -> (artifact id: 'b2b3d19129d5d2e7611859fa70c299d7') in 0.096265 seconds 
========================================================================
Received Import Request.
  Time since last request: 2.486316 seconds.
  path: Assets/Sprites/Levels/bg-layer-1-full-alpha.png
  artifactKey: Guid(b5ae691e6204d174a87ee171ba086447) Importer(815301076,1909f56bfc062723c751e8b465ee728b)
Start importing Assets/Sprites/Levels/bg-layer-1-full-alpha.png using Guid(b5ae691e6204d174a87ee171ba086447) Importer(815301076,1909f56bfc062723c751e8b465ee728b)  -> (artifact id: '457920c1f27669e185c3849f3e3bf39f') in 0.184098 seconds 
========================================================================
Received Import Request.
  Time since last request: 197.681984 seconds.
  path: ProjectSettings/TagManager.asset
  artifactKey: Guid(00000000000000003000000000000000) Importer(815301076,1909f56bfc062723c751e8b465ee728b)
Start importing ProjectSettings/TagManager.asset using Guid(00000000000000003000000000000000) Importer(815301076,1909f56bfc062723c751e8b465ee728b)  -> (artifact id: '2ddcc3bdcf39692350381529509e5b6b') in 0.029908 seconds 
========================================================================
Received Import Request.
  Time since last request: 111.689780 seconds.
  path: Assets/Materials
  artifactKey: Guid(5e9a98197c5ab9943b84652b5f62910f) Importer(815301076,1909f56bfc062723c751e8b465ee728b)
Start importing Assets/Materials using Guid(5e9a98197c5ab9943b84652b5f62910f) Importer(815301076,1909f56bfc062723c751e8b465ee728b)  -> (artifact id: '7b744e2a38b490acf4e6558e30433932') in 0.014514 seconds 
